src/main.cpp:12:14: warning: unused parameter 'argc' [-Wunused-parameter]
int main(int argc, char* argv[])
             ^
1 warning generated.
src/cmdline.cpp:101:36: warning: comparison of integers of different signs: 'int' and 'std::__cxx11::basic_string<char, std::char_traits<char>, std::allocator<char> >::size_type' (aka 'unsigned long') [-Wsign-compare]
            if (cmdline_cursor_pos < command.length()) {
                ~~~~~~~~~~~~~~~~~~ ^ ~~~~~~~~~~~~~~~~
1 warning generated.
src/file.cpp:55:27: warning: comparison of integers of different signs: 'int' and 'std::vector::size_type' (aka 'unsigned long') [-Wsign-compare]
        for (int i = 0; i < this->line_buffer.size(); i++) {
                        ~ ^ ~~~~~~~~~~~~~~~~~~~~~~~~
1 warning generated.
In file included from src/screen.cpp:6:
In file included from include/screen.hpp:6:
In file included from include/file.hpp:4:
In file included from /usr/bin/../lib/gcc/x86_64-redhat-linux/7/../../../../include/c++/7/vector:62:
/usr/bin/../lib/gcc/x86_64-redhat-linux/7/../../../../include/c++/7/bits/stl_construct.h:75:42: error: no template named 'forward' in namespace 'Djinni::std'; did you mean '::std::forward'?
    { ::new(static_cast<void*>(__p)) _T1(std::forward<_Args>(__args)...); }
                                         ^~~~~
/usr/bin/../lib/gcc/x86_64-redhat-linux/7/../../../../include/c++/7/bits/move.h:73:5: note: '::std::forward' declared here
    forward(typename std::remove_reference<_Tp>::type& __t) noexcept
    ^
In file included from src/screen.cpp:6:
In file included from include/screen.hpp:6:
In file included from include/file.hpp:4:
In file included from /usr/bin/../lib/gcc/x86_64-redhat-linux/7/../../../../include/c++/7/vector:62:
/usr/bin/../lib/gcc/x86_64-redhat-linux/7/../../../../include/c++/7/bits/stl_construct.h:75:42: error: no template named 'forward' in namespace 'Djinni::std'; did you mean '::std::forward'?
    { ::new(static_cast<void*>(__p)) _T1(std::forward<_Args>(__args)...); }
                                         ^~~~~
/usr/bin/../lib/gcc/x86_64-redhat-linux/7/../../../../include/c++/7/bits/move.h:73:5: note: '::std::forward' declared here
    forward(typename std::remove_reference<_Tp>::type& __t) noexcept
    ^
In file included from src/screen.cpp:6:
In file included from include/screen.hpp:6:
In file included from include/file.hpp:4:
In file included from /usr/bin/../lib/gcc/x86_64-redhat-linux/7/../../../../include/c++/7/vector:62:
/usr/bin/../lib/gcc/x86_64-redhat-linux/7/../../../../include/c++/7/bits/stl_construct.h:108:20: error: no member named '__addressof' in namespace 'Djinni::std'; did you mean '::std::__addressof'?
            std::_Destroy(std::__addressof(*__first));
                          ^~~~~
/usr/bin/../lib/gcc/x86_64-redhat-linux/7/../../../../include/c++/7/bits/move.h:47:5: note: '::std::__addressof' declared here
    __addressof(_Tp& __r) _GLIBCXX_NOEXCEPT
    ^
In file included from src/screen.cpp:6:
In file included from include/screen.hpp:6:
In file included from include/file.hpp:4:
In file included from /usr/bin/../lib/gcc/x86_64-redhat-linux/7/../../../../include/c++/7/vector:62:
/usr/bin/../lib/gcc/x86_64-redhat-linux/7/../../../../include/c++/7/bits/stl_construct.h:129:24: error: no template named 'iterator_traits'; did you mean '::std::iterator_traits'?
      typedef typename iterator_traits<_ForwardIterator>::value_type
                       ^
/usr/bin/../lib/gcc/x86_64-redhat-linux/7/../../../../include/c++/7/bits/stl_iterator_base_types.h:162:12: note: '::std::iterator_traits' declared here
    struct iterator_traits
           ^
In file included from src/screen.cpp:6:
In file included from include/screen.hpp:6:
In file included from include/file.hpp:4:
In file included from /usr/bin/../lib/gcc/x86_64-redhat-linux/7/../../../../include/c++/7/vector:62:
/usr/bin/../lib/gcc/x86_64-redhat-linux/7/../../../../include/c++/7/bits/stl_construct.h:133:21: error: no template named 'is_destructible'; did you mean '::std::is_destructible'?
      static_assert(is_destructible<_Value_type>::value,
                    ^
/usr/bin/../lib/gcc/x86_64-redhat-linux/7/../../../../include/c++/7/type_traits:824:12: note: '::std::is_destructible' declared here
    struct is_destructible
           ^
In file included from src/screen.cpp:6:
In file included from include/screen.hpp:6:
In file included from include/file.hpp:4:
In file included from /usr/bin/../lib/gcc/x86_64-redhat-linux/7/../../../../include/c++/7/vector:62:
/usr/bin/../lib/gcc/x86_64-redhat-linux/7/../../../../include/c++/7/bits/stl_construct.h:148:20: error: no member named '__addressof' in namespace 'Djinni::std'; did you mean '::std::__addressof'?
            std::_Destroy(std::__addressof(*__first));
                          ^~~~~
/usr/bin/../lib/gcc/x86_64-redhat-linux/7/../../../../include/c++/7/bits/move.h:47:5: note: '::std::__addressof' declared here
    __addressof(_Tp& __r) _GLIBCXX_NOEXCEPT
    ^
In file included from src/screen.cpp:6:
In file included from include/screen.hpp:6:
In file included from include/file.hpp:4:
In file included from /usr/bin/../lib/gcc/x86_64-redhat-linux/7/../../../../include/c++/7/vector:62:
/usr/bin/../lib/gcc/x86_64-redhat-linux/7/../../../../include/c++/7/bits/stl_construct.h:160:4: error: no member named 'advance' in namespace 'Djinni::std'; did you mean '::std::advance'?
          std::advance(__first, __count);
          ^~~~~
/usr/bin/../lib/gcc/x86_64-redhat-linux/7/../../../../include/c++/7/bits/stl_iterator_base_funcs.h:197:5: note: '::std::advance' declared here
    advance(_InputIterator& __i, _Distance __n)
    ^
In file included from src/screen.cpp:6:
In file included from include/screen.hpp:6:
In file included from include/file.hpp:4:
In file included from /usr/bin/../lib/gcc/x86_64-redhat-linux/7/../../../../include/c++/7/vector:62:
/usr/bin/../lib/gcc/x86_64-redhat-linux/7/../../../../include/c++/7/bits/stl_construct.h:174:24: error: no template named 'iterator_traits'; did you mean '::std::iterator_traits'?
      typedef typename iterator_traits<_ForwardIterator>::value_type
                       ^
/usr/bin/../lib/gcc/x86_64-redhat-linux/7/../../../../include/c++/7/bits/stl_iterator_base_types.h:162:12: note: '::std::iterator_traits' declared here
    struct iterator_traits
           ^
In file included from src/screen.cpp:6:
In file included from include/screen.hpp:6:
In file included from include/file.hpp:4:
In file included from /usr/bin/../lib/gcc/x86_64-redhat-linux/7/../../../../include/c++/7/vector:62:
/usr/bin/../lib/gcc/x86_64-redhat-linux/7/../../../../include/c++/7/bits/stl_construct.h:178:21: error: no template named 'is_destructible'; did you mean '::std::is_destructible'?
      static_assert(is_destructible<_Value_type>::value,
                    ^
/usr/bin/../lib/gcc/x86_64-redhat-linux/7/../../../../include/c++/7/type_traits:824:12: note: '::std::is_destructible' declared here
    struct is_destructible
           ^
In file included from src/screen.cpp:6:
In file included from include/screen.hpp:6:
In file included from include/file.hpp:4:
In file included from /usr/bin/../lib/gcc/x86_64-redhat-linux/7/../../../../include/c++/7/vector:62:
/usr/bin/../lib/gcc/x86_64-redhat-linux/7/../../../../include/c++/7/bits/stl_construct.h:198:29: error: no member named '__addressof' in namespace 'Djinni::std'; did you mean '::std::__addressof'?
        __traits::destroy(__alloc, std::__addressof(*__first));
                                   ^~~~~
/usr/bin/../lib/gcc/x86_64-redhat-linux/7/../../../../include/c++/7/bits/move.h:47:5: note: '::std::__addressof' declared here
    __addressof(_Tp& __r) _GLIBCXX_NOEXCEPT
    ^
In file included from src/screen.cpp:6:
In file included from include/screen.hpp:6:
In file included from include/file.hpp:4:
In file included from /usr/bin/../lib/gcc/x86_64-redhat-linux/7/../../../../include/c++/7/vector:62:
/usr/bin/../lib/gcc/x86_64-redhat-linux/7/../../../../include/c++/7/bits/stl_construct.h:204:7: error: no template named 'allocator'; did you mean '::std::allocator'?
             allocator<_Tp>&)
             ^
/usr/bin/../lib/gcc/x86_64-redhat-linux/7/../../../../include/c++/7/bits/allocator.h:108:11: note: '::std::allocator' declared here
    class allocator: public __allocator_base<_Tp>
          ^
In file included from src/screen.cpp:6:
In file included from include/screen.hpp:6:
In file included from include/file.hpp:4:
In file included from /usr/bin/../lib/gcc/x86_64-redhat-linux/7/../../../../include/c++/7/vector:63:
/usr/bin/../lib/gcc/x86_64-redhat-linux/7/../../../../include/c++/7/bits/stl_uninitialized.h:83:19: error: no member named '__addressof' in namespace 'Djinni::std'; did you mean '::std::__addressof'?
                std::_Construct(std::__addressof(*__cur), *__first);
                                ^~~~~
/usr/bin/../lib/gcc/x86_64-redhat-linux/7/../../../../include/c++/7/bits/move.h:47:5: note: '::std::__addressof' declared here
    __addressof(_Tp& __r) _GLIBCXX_NOEXCEPT
    ^
In file included from src/screen.cpp:6:
In file included from include/screen.hpp:6:
In file included from include/file.hpp:4:
In file included from /usr/bin/../lib/gcc/x86_64-redhat-linux/7/../../../../include/c++/7/vector:63:
/usr/bin/../lib/gcc/x86_64-redhat-linux/7/../../../../include/c++/7/bits/stl_uninitialized.h:101:18: error: no member named 'copy' in namespace 'Djinni::std'; did you mean '::std::copy'?
        { return std::copy(__first, __last, __result); }
                 ^~~~~
/usr/bin/../lib/gcc/x86_64-redhat-linux/7/../../../../include/c++/7/bits/stl_algobase.h:446:5: note: '::std::copy' declared here
    copy(_II __first, _II __last, _OI __result)
    ^
In file included from src/screen.cpp:6:
In file included from include/screen.hpp:6:
In file included from include/file.hpp:4:
In file included from /usr/bin/../lib/gcc/x86_64-redhat-linux/7/../../../../include/c++/7/vector:63:
/usr/bin/../lib/gcc/x86_64-redhat-linux/7/../../../../include/c++/7/bits/stl_uninitialized.h:118:24: error: no template named 'iterator_traits'; did you mean '::std::iterator_traits'?
      typedef typename iterator_traits<_InputIterator>::value_type
                       ^
/usr/bin/../lib/gcc/x86_64-redhat-linux/7/../../../../include/c++/7/bits/stl_iterator_base_types.h:162:12: note: '::std::iterator_traits' declared here
    struct iterator_traits
           ^
In file included from src/screen.cpp:6:
In file included from include/screen.hpp:6:
In file included from include/file.hpp:4:
In file included from /usr/bin/../lib/gcc/x86_64-redhat-linux/7/../../../../include/c++/7/vector:63:
/usr/bin/../lib/gcc/x86_64-redhat-linux/7/../../../../include/c++/7/bits/stl_uninitialized.h:120:24: error: no template named 'iterator_traits'; did you mean '::std::iterator_traits'?
      typedef typename iterator_traits<_ForwardIterator>::value_type
                       ^
/usr/bin/../lib/gcc/x86_64-redhat-linux/7/../../../../include/c++/7/bits/stl_iterator_base_types.h:162:12: note: '::std::iterator_traits' declared here
    struct iterator_traits
           ^
In file included from src/screen.cpp:6:
In file included from include/screen.hpp:6:
In file included from include/file.hpp:4:
In file included from /usr/bin/../lib/gcc/x86_64-redhat-linux/7/../../../../include/c++/7/vector:63:
/usr/bin/../lib/gcc/x86_64-redhat-linux/7/../../../../include/c++/7/bits/stl_uninitialized.h:126:24: error: no template named 'iterator_traits'; did you mean '::std::iterator_traits'?
      typedef typename iterator_traits<_InputIterator>::reference _RefType1;
                       ^
/usr/bin/../lib/gcc/x86_64-redhat-linux/7/../../../../include/c++/7/bits/stl_iterator_base_types.h:162:12: note: '::std::iterator_traits' declared here
    struct iterator_traits
           ^
In file included from src/screen.cpp:6:
In file included from include/screen.hpp:6:
In file included from include/file.hpp:4:
In file included from /usr/bin/../lib/gcc/x86_64-redhat-linux/7/../../../../include/c++/7/vector:63:
/usr/bin/../lib/gcc/x86_64-redhat-linux/7/../../../../include/c++/7/bits/stl_uninitialized.h:127:24: error: no template named 'iterator_traits'; did you mean '::std::iterator_traits'?
      typedef typename iterator_traits<_ForwardIterator>::reference _RefType2;
                       ^
/usr/bin/../lib/gcc/x86_64-redhat-linux/7/../../../../include/c++/7/bits/stl_iterator_base_types.h:162:12: note: '::std::iterator_traits' declared here
    struct iterator_traits
           ^
In file included from src/screen.cpp:6:
In file included from include/screen.hpp:6:
In file included from include/file.hpp:4:
In file included from /usr/bin/../lib/gcc/x86_64-redhat-linux/7/../../../../include/c++/7/vector:63:
/usr/bin/../lib/gcc/x86_64-redhat-linux/7/../../../../include/c++/7/bits/stl_uninitialized.h:128:33: error: no template named 'is_assignable'; did you mean '::std::is_assignable'?
      const bool __assignable = is_assignable<_RefType2, _RefType1>::value;
                                ^
/usr/bin/../lib/gcc/x86_64-redhat-linux/7/../../../../include/c++/7/type_traits:1273:12: note: '::std::is_assignable' declared here
    struct is_assignable
           ^
In file included from src/screen.cpp:6:
In file included from include/screen.hpp:6:
In file included from include/file.hpp:4:
In file included from /usr/bin/../lib/gcc/x86_64-redhat-linux/7/../../../../include/c++/7/vector:63:
/usr/bin/../lib/gcc/x86_64-redhat-linux/7/../../../../include/c++/7/bits/stl_uninitialized.h:150:19: error: no member named '__addressof' in namespace 'Djinni::std'; did you mean '::std::__addressof'?
                std::_Construct(std::__addressof(*__cur), __x);
                                ^~~~~
/usr/bin/../lib/gcc/x86_64-redhat-linux/7/../../../../include/c++/7/bits/move.h:47:5: note: '::std::__addressof' declared here
    __addressof(_Tp& __r) _GLIBCXX_NOEXCEPT
    ^
In file included from src/screen.cpp:6:
In file included from include/screen.hpp:6:
In file included from include/file.hpp:4:
In file included from /usr/bin/../lib/gcc/x86_64-redhat-linux/7/../../../../include/c++/7/vector:63:
/usr/bin/../lib/gcc/x86_64-redhat-linux/7/../../../../include/c++/7/bits/stl_uninitialized.h:167:11: error: no member named 'fill' in namespace 'Djinni::std'; did you mean '::std::fill'?
        { std::fill(__first, __last, __x); }
          ^~~~~
/usr/bin/../lib/gcc/x86_64-redhat-linux/7/../../../../include/c++/7/bits/stl_algobase.h:724:5: note: '::std::fill' declared here
    fill(_ForwardIterator __first, _ForwardIterator __last, const _Tp& __value)
    ^
In file included from src/screen.cpp:6:
In file included from include/screen.hpp:6:
In file included from include/file.hpp:4:
In file included from /usr/bin/../lib/gcc/x86_64-redhat-linux/7/../../../../include/c++/7/vector:63:
/usr/bin/../lib/gcc/x86_64-redhat-linux/7/../../../../include/c++/7/bits/stl_uninitialized.h:184:24: error: no template named 'iterator_traits'; did you mean '::std::iterator_traits'?
      typedef typename iterator_traits<_ForwardIterator>::value_type
                       ^
/usr/bin/../lib/gcc/x86_64-redhat-linux/7/../../../../include/c++/7/bits/stl_iterator_base_types.h:162:12: note: '::std::iterator_traits' declared here
    struct iterator_traits
           ^
In file included from src/screen.cpp:6:
In file included from include/screen.hpp:6:
In file included from include/file.hpp:4:
In file included from /usr/bin/../lib/gcc/x86_64-redhat-linux/7/../../../../include/c++/7/vector:63:
/usr/bin/../lib/gcc/x86_64-redhat-linux/7/../../../../include/c++/7/bits/stl_uninitialized.h:190:33: error: no template named 'is_copy_assignable'; did you mean '::std::is_copy_assignable'?
      const bool __assignable = is_copy_assignable<_ValueType>::value;
                                ^
/usr/bin/../lib/gcc/x86_64-redhat-linux/7/../../../../include/c++/7/type_traits:1291:12: note: '::std::is_copy_assignable' declared here
    struct is_copy_assignable
           ^
In file included from src/screen.cpp:6:
In file included from include/screen.hpp:6:
In file included from include/file.hpp:4:
In file included from /usr/bin/../lib/gcc/x86_64-redhat-linux/7/../../../../include/c++/7/vector:63:
/usr/bin/../lib/gcc/x86_64-redhat-linux/7/../../../../include/c++/7/bits/stl_uninitialized.h:210:19: error: no member named '__addressof' in namespace 'Djinni::std'; did you mean '::std::__addressof'?
                std::_Construct(std::__addressof(*__cur), __x);
                                ^~~~~
/usr/bin/../lib/gcc/x86_64-redhat-linux/7/../../../../include/c++/7/bits/move.h:47:5: note: '::std::__addressof' declared here
    __addressof(_Tp& __r) _GLIBCXX_NOEXCEPT
    ^
In file included from src/screen.cpp:6:
In file included from include/screen.hpp:6:
In file included from include/file.hpp:4:
In file included from /usr/bin/../lib/gcc/x86_64-redhat-linux/7/../../../../include/c++/7/vector:63:
/usr/bin/../lib/gcc/x86_64-redhat-linux/7/../../../../include/c++/7/bits/stl_uninitialized.h:228:18: error: no member named 'fill_n' in namespace 'Djinni::std'; did you mean '::std::fill_n'?
        { return std::fill_n(__first, __n, __x); }
                 ^~~~~
/usr/bin/../lib/gcc/x86_64-redhat-linux/7/../../../../include/c++/7/bits/stl_algobase.h:784:5: note: '::std::fill_n' declared here
    fill_n(_OI __first, _Size __n, const _Tp& __value)
    ^
In file included from src/screen.cpp:6:
In file included from include/screen.hpp:6:
In file included from include/file.hpp:4:
In file included from /usr/bin/../lib/gcc/x86_64-redhat-linux/7/../../../../include/c++/7/vector:63:
/usr/bin/../lib/gcc/x86_64-redhat-linux/7/../../../../include/c++/7/bits/stl_uninitialized.h:246:24: error: no template named 'iterator_traits'; did you mean '::std::iterator_traits'?
      typedef typename iterator_traits<_ForwardIterator>::value_type
                       ^
/usr/bin/../lib/gcc/x86_64-redhat-linux/7/../../../../include/c++/7/bits/stl_iterator_base_types.h:162:12: note: '::std::iterator_traits' declared here
    struct iterator_traits
           ^
In file included from src/screen.cpp:6:
In file included from include/screen.hpp:6:
In file included from include/file.hpp:4:
In file included from /usr/bin/../lib/gcc/x86_64-redhat-linux/7/../../../../include/c++/7/vector:63:
/usr/bin/../lib/gcc/x86_64-redhat-linux/7/../../../../include/c++/7/bits/stl_uninitialized.h:252:33: error: no template named 'is_copy_assignable'; did you mean '::std::is_copy_assignable'?
      const bool __assignable = is_copy_assignable<_ValueType>::value;
                                ^
/usr/bin/../lib/gcc/x86_64-redhat-linux/7/../../../../include/c++/7/type_traits:1291:12: note: '::std::is_copy_assignable' declared here
    struct is_copy_assignable
           ^
In file included from src/screen.cpp:6:
In file included from include/screen.hpp:6:
In file included from include/file.hpp:4:
In file included from /usr/bin/../lib/gcc/x86_64-redhat-linux/7/../../../../include/c++/7/vector:63:
/usr/bin/../lib/gcc/x86_64-redhat-linux/7/../../../../include/c++/7/bits/stl_uninitialized.h:275:35: error: no member named '__addressof' in namespace 'Djinni::std'; did you mean '::std::__addressof'?
            __traits::construct(__alloc, std::__addressof(*__cur), *__first);
                                         ^~~~~
/usr/bin/../lib/gcc/x86_64-redhat-linux/7/../../../../include/c++/7/bits/move.h:47:5: note: '::std::__addressof' declared here
    __addressof(_Tp& __r) _GLIBCXX_NOEXCEPT
    ^
In file included from src/screen.cpp:6:
In file included from include/screen.hpp:6:
In file included from include/file.hpp:4:
In file included from /usr/bin/../lib/gcc/x86_64-redhat-linux/7/../../../../include/c++/7/vector:63:
/usr/bin/../lib/gcc/x86_64-redhat-linux/7/../../../../include/c++/7/bits/stl_uninitialized.h:288:34: error: no template named 'allocator'; did you mean '::std::allocator'?
                           _ForwardIterator __result, allocator<_Tp>&)
                                                      ^
/usr/bin/../lib/gcc/x86_64-redhat-linux/7/../../../../include/c++/7/bits/allocator.h:108:11: note: '::std::allocator' declared here
    class allocator: public __allocator_base<_Tp>
          ^
In file included from src/screen.cpp:6:
In file included from include/screen.hpp:6:
In file included from include/file.hpp:4:
In file included from /usr/bin/../lib/gcc/x86_64-redhat-linux/7/../../../../include/c++/7/vector:63:
/usr/bin/../lib/gcc/x86_64-redhat-linux/7/../../../../include/c++/7/bits/stl_uninitialized.h:297:42: error: no member named 'make_move_iterator' in namespace 'Djinni::std'; did you mean '::std::make_move_iterator'?
      return std::__uninitialized_copy_a(_GLIBCXX_MAKE_MOVE_ITERATOR(__first),
                                         ^~~~~~~~~~~~~~~~~~~~~~~~~~~~~~~~~~~~
/usr/bin/../lib/gcc/x86_64-redhat-linux/7/../../../../include/c++/7/bits/stl_iterator.h:1248:44: note: expanded from macro '_GLIBCXX_MAKE_MOVE_ITERATOR'
#define _GLIBCXX_MAKE_MOVE_ITERATOR(_Iter) std::make_move_iterator(_Iter)
                                           ^~~~~
/usr/bin/../lib/gcc/x86_64-redhat-linux/7/../../../../include/c++/7/bits/stl_iterator.h:1204:5: note: '::std::make_move_iterator' declared here
    make_move_iterator(_Iterator __i)
    ^
In file included from src/screen.cpp:6:
In file included from include/screen.hpp:6:
In file included from include/file.hpp:4:
In file included from /usr/bin/../lib/gcc/x86_64-redhat-linux/7/../../../../include/c++/7/vector:63:
/usr/bin/../lib/gcc/x86_64-redhat-linux/7/../../../../include/c++/7/bits/stl_uninitialized.h:298:7: error: no member named 'make_move_iterator' in namespace 'Djinni::std'; did you mean '::std::make_move_iterator'?
                                         _GLIBCXX_MAKE_MOVE_ITERATOR(__last),
                                         ^~~~~~~~~~~~~~~~~~~~~~~~~~~~~~~~~~~
/usr/bin/../lib/gcc/x86_64-redhat-linux/7/../../../../include/c++/7/bits/stl_iterator.h:1248:44: note: expanded from macro '_GLIBCXX_MAKE_MOVE_ITERATOR'
#define _GLIBCXX_MAKE_MOVE_ITERATOR(_Iter) std::make_move_iterator(_Iter)
                                           ^~~~~
/usr/bin/../lib/gcc/x86_64-redhat-linux/7/../../../../include/c++/7/bits/stl_iterator.h:1204:5: note: '::std::make_move_iterator' declared here
    make_move_iterator(_Iterator __i)
    ^
In file included from src/screen.cpp:6:
In file included from include/screen.hpp:6:
In file included from include/file.hpp:4:
In file included from /usr/bin/../lib/gcc/x86_64-redhat-linux/7/../../../../include/c++/7/vector:63:
/usr/bin/../lib/gcc/x86_64-redhat-linux/7/../../../../include/c++/7/bits/stl_uninitialized.h:311:3: error: no member named '__make_move_if_noexcept_iterator' in namespace 'Djinni::std'; did you mean '::std::__make_move_if_noexcept_iterator'?
        (_GLIBCXX_MAKE_MOVE_IF_NOEXCEPT_ITERATOR(__first),
         ^~~~~~~~~~~~~~~~~~~~~~~~~~~~~~~~~~~~~~~~~~~~~~~~
/usr/bin/../lib/gcc/x86_64-redhat-linux/7/../../../../include/c++/7/bits/stl_iterator.h:1250:3: note: expanded from macro '_GLIBCXX_MAKE_MOVE_IF_NOEXCEPT_ITERATOR'
  std::__make_move_if_noexcept_iterator(_Iter)
  ^~~~~
/usr/bin/../lib/gcc/x86_64-redhat-linux/7/../../../../include/c++/7/bits/stl_iterator.h:1212:5: note: '::std::__make_move_if_noexcept_iterator' declared here
    __make_move_if_noexcept_iterator(_Iterator __i)
    ^
In file included from src/screen.cpp:6:
In file included from include/screen.hpp:6:
In file included from include/file.hpp:4:
In file included from /usr/bin/../lib/gcc/x86_64-redhat-linux/7/../../../../include/c++/7/vector:63:
/usr/bin/../lib/gcc/x86_64-redhat-linux/7/../../../../include/c++/7/bits/stl_uninitialized.h:312:3: error: no member named '__make_move_if_noexcept_iterator' in namespace 'Djinni::std'; did you mean '::std::__make_move_if_noexcept_iterator'?
         _GLIBCXX_MAKE_MOVE_IF_NOEXCEPT_ITERATOR(__last), __result, __alloc);
         ^~~~~~~~~~~~~~~~~~~~~~~~~~~~~~~~~~~~~~~~~~~~~~~
/usr/bin/../lib/gcc/x86_64-redhat-linux/7/../../../../include/c++/7/bits/stl_iterator.h:1250:3: note: expanded from macro '_GLIBCXX_MAKE_MOVE_IF_NOEXCEPT_ITERATOR'
  std::__make_move_if_noexcept_iterator(_Iter)
  ^~~~~
/usr/bin/../lib/gcc/x86_64-redhat-linux/7/../../../../include/c++/7/bits/stl_iterator.h:1212:5: note: '::std::__make_move_if_noexcept_iterator' declared here
    __make_move_if_noexcept_iterator(_Iterator __i)
    ^
In file included from src/screen.cpp:6:
In file included from include/screen.hpp:6:
In file included from include/file.hpp:4:
In file included from /usr/bin/../lib/gcc/x86_64-redhat-linux/7/../../../../include/c++/7/vector:63:
/usr/bin/../lib/gcc/x86_64-redhat-linux/7/../../../../include/c++/7/bits/stl_uninitialized.h:325:35: error: no member named '__addressof' in namespace 'Djinni::std'; did you mean '::std::__addressof'?
            __traits::construct(__alloc, std::__addressof(*__cur), __x);
                                         ^~~~~
/usr/bin/../lib/gcc/x86_64-redhat-linux/7/../../../../include/c++/7/bits/move.h:47:5: note: '::std::__addressof' declared here
    __addressof(_Tp& __r) _GLIBCXX_NOEXCEPT
    ^
In file included from src/screen.cpp:6:
In file included from include/screen.hpp:6:
In file included from include/file.hpp:4:
In file included from /usr/bin/../lib/gcc/x86_64-redhat-linux/7/../../../../include/c++/7/vector:63:
/usr/bin/../lib/gcc/x86_64-redhat-linux/7/../../../../include/c++/7/bits/stl_uninitialized.h:337:23: error: no template named 'allocator'; did you mean '::std::allocator'?
                           const _Tp& __x, allocator<_Tp2>&)
                                           ^
/usr/bin/../lib/gcc/x86_64-redhat-linux/7/../../../../include/c++/7/bits/allocator.h:108:11: note: '::std::allocator' declared here
    class allocator: public __allocator_base<_Tp>
          ^
In file included from src/screen.cpp:6:
In file included from include/screen.hpp:6:
In file included from include/file.hpp:4:
In file included from /usr/bin/../lib/gcc/x86_64-redhat-linux/7/../../../../include/c++/7/vector:63:
/usr/bin/../lib/gcc/x86_64-redhat-linux/7/../../../../include/c++/7/bits/stl_uninitialized.h:351:35: error: no member named '__addressof' in namespace 'Djinni::std'; did you mean '::std::__addressof'?
            __traits::construct(__alloc, std::__addressof(*__cur), __x);
                                         ^~~~~
/usr/bin/../lib/gcc/x86_64-redhat-linux/7/../../../../include/c++/7/bits/move.h:47:5: note: '::std::__addressof' declared here
    __addressof(_Tp& __r) _GLIBCXX_NOEXCEPT
    ^
In file included from src/screen.cpp:6:
In file included from include/screen.hpp:6:
In file included from include/file.hpp:4:
In file included from /usr/bin/../lib/gcc/x86_64-redhat-linux/7/../../../../include/c++/7/vector:63:
/usr/bin/../lib/gcc/x86_64-redhat-linux/7/../../../../include/c++/7/bits/stl_uninitialized.h:365:25: error: no template named 'allocator'; did you mean '::std::allocator'?
                             const _Tp& __x, allocator<_Tp2>&)
                                             ^
/usr/bin/../lib/gcc/x86_64-redhat-linux/7/../../../../include/c++/7/bits/allocator.h:108:11: note: '::std::allocator' declared here
    class allocator: public __allocator_base<_Tp>
          ^
In file included from src/screen.cpp:6:
In file included from include/screen.hpp:6:
In file included from include/file.hpp:4:
In file included from /usr/bin/../lib/gcc/x86_64-redhat-linux/7/../../../../include/c++/7/vector:63:
/usr/bin/../lib/gcc/x86_64-redhat-linux/7/../../../../include/c++/7/bits/stl_uninitialized.h:492:19: error: no member named '__addressof' in namespace 'Djinni::std'; did you mean '::std::__addressof'?
                std::_Construct(std::__addressof(*__cur));
                                ^~~~~
/usr/bin/../lib/gcc/x86_64-redhat-linux/7/../../../../include/c++/7/bits/move.h:47:5: note: '::std::__addressof' declared here
    __addressof(_Tp& __r) _GLIBCXX_NOEXCEPT
    ^
In file included from src/screen.cpp:6:
In file included from include/screen.hpp:6:
In file included from include/file.hpp:4:
In file included from /usr/bin/../lib/gcc/x86_64-redhat-linux/7/../../../../include/c++/7/vector:63:
/usr/bin/../lib/gcc/x86_64-redhat-linux/7/../../../../include/c++/7/bits/stl_uninitialized.h:509:21: error: no template named 'iterator_traits'; did you mean '::std::iterator_traits'?
          typedef typename iterator_traits<_ForwardIterator>::value_type
                           ^
/usr/bin/../lib/gcc/x86_64-redhat-linux/7/../../../../include/c++/7/bits/stl_iterator_base_types.h:162:12: note: '::std::iterator_traits' declared here
    struct iterator_traits
           ^
In file included from src/screen.cpp:6:
In file included from include/screen.hpp:6:
In file included from include/file.hpp:4:
In file included from /usr/bin/../lib/gcc/x86_64-redhat-linux/7/../../../../include/c++/7/vector:63:
/usr/bin/../lib/gcc/x86_64-redhat-linux/7/../../../../include/c++/7/bits/stl_uninitialized.h:512:4: error: no member named 'fill' in namespace 'Djinni::std'; did you mean '::std::fill'?
          std::fill(__first, __last, _ValueType());
          ^~~~~
/usr/bin/../lib/gcc/x86_64-redhat-linux/7/../../../../include/c++/7/bits/stl_algobase.h:724:5: note: '::std::fill' declared here
    fill(_ForwardIterator __first, _ForwardIterator __last, const _Tp& __value)
    ^
In file included from src/screen.cpp:6:
In file included from include/screen.hpp:6:
In file included from include/file.hpp:4:
In file included from /usr/bin/../lib/gcc/x86_64-redhat-linux/7/../../../../include/c++/7/vector:63:
/usr/bin/../lib/gcc/x86_64-redhat-linux/7/../../../../include/c++/7/bits/stl_uninitialized.h:527:19: error: no member named '__addressof' in namespace 'Djinni::std'; did you mean '::std::__addressof'?
                std::_Construct(std::__addressof(*__cur));
                                ^~~~~
/usr/bin/../lib/gcc/x86_64-redhat-linux/7/../../../../include/c++/7/bits/move.h:47:5: note: '::std::__addressof' declared here
    __addressof(_Tp& __r) _GLIBCXX_NOEXCEPT
    ^
In file included from src/screen.cpp:6:
In file included from include/screen.hpp:6:
In file included from include/file.hpp:4:
In file included from /usr/bin/../lib/gcc/x86_64-redhat-linux/7/../../../../include/c++/7/vector:63:
/usr/bin/../lib/gcc/x86_64-redhat-linux/7/../../../../include/c++/7/bits/stl_uninitialized.h:545:21: error: no template named 'iterator_traits'; did you mean '::std::iterator_traits'?
          typedef typename iterator_traits<_ForwardIterator>::value_type
                           ^
/usr/bin/../lib/gcc/x86_64-redhat-linux/7/../../../../include/c++/7/bits/stl_iterator_base_types.h:162:12: note: '::std::iterator_traits' declared here
    struct iterator_traits
           ^
In file included from src/screen.cpp:6:
In file included from include/screen.hpp:6:
In file included from include/file.hpp:4:
In file included from /usr/bin/../lib/gcc/x86_64-redhat-linux/7/../../../../include/c++/7/vector:63:
/usr/bin/../lib/gcc/x86_64-redhat-linux/7/../../../../include/c++/7/bits/stl_uninitialized.h:548:11: error: no member named 'fill_n' in namespace 'Djinni::std'; did you mean '::std::fill_n'?
          return std::fill_n(__first, __n, _ValueType());
                 ^~~~~
/usr/bin/../lib/gcc/x86_64-redhat-linux/7/../../../../include/c++/7/bits/stl_algobase.h:784:5: note: '::std::fill_n' declared here
    fill_n(_OI __first, _Size __n, const _Tp& __value)
    ^
In file included from src/screen.cpp:6:
In file included from include/screen.hpp:6:
In file included from include/file.hpp:4:
In file included from /usr/bin/../lib/gcc/x86_64-redhat-linux/7/../../../../include/c++/7/vector:63:
/usr/bin/../lib/gcc/x86_64-redhat-linux/7/../../../../include/c++/7/bits/stl_uninitialized.h:560:24: error: no template named 'iterator_traits'; did you mean '::std::iterator_traits'?
      typedef typename iterator_traits<_ForwardIterator>::value_type
                       ^
/usr/bin/../lib/gcc/x86_64-redhat-linux/7/../../../../include/c++/7/bits/stl_iterator_base_types.h:162:12: note: '::std::iterator_traits' declared here
    struct iterator_traits
           ^
In file included from src/screen.cpp:6:
In file included from include/screen.hpp:6:
In file included from include/file.hpp:4:
In file included from /usr/bin/../lib/gcc/x86_64-redhat-linux/7/../../../../include/c++/7/vector:63:
/usr/bin/../lib/gcc/x86_64-redhat-linux/7/../../../../include/c++/7/bits/stl_uninitialized.h:563:33: error: no template named 'is_copy_assignable'; did you mean '::std::is_copy_assignable'?
      const bool __assignable = is_copy_assignable<_ValueType>::value;
                                ^
/usr/bin/../lib/gcc/x86_64-redhat-linux/7/../../../../include/c++/7/type_traits:1291:12: note: '::std::is_copy_assignable' declared here
    struct is_copy_assignable
           ^
In file included from src/screen.cpp:6:
In file included from include/screen.hpp:6:
In file included from include/file.hpp:4:
In file included from /usr/bin/../lib/gcc/x86_64-redhat-linux/7/../../../../include/c++/7/vector:63:
/usr/bin/../lib/gcc/x86_64-redhat-linux/7/../../../../include/c++/7/bits/stl_uninitialized.h:576:24: error: no template named 'iterator_traits'; did you mean '::std::iterator_traits'?
      typedef typename iterator_traits<_ForwardIterator>::value_type
                       ^
/usr/bin/../lib/gcc/x86_64-redhat-linux/7/../../../../include/c++/7/bits/stl_iterator_base_types.h:162:12: note: '::std::iterator_traits' declared here
    struct iterator_traits
           ^
In file included from src/screen.cpp:6:
In file included from include/screen.hpp:6:
In file included from include/file.hpp:4:
In file included from /usr/bin/../lib/gcc/x86_64-redhat-linux/7/../../../../include/c++/7/vector:63:
/usr/bin/../lib/gcc/x86_64-redhat-linux/7/../../../../include/c++/7/bits/stl_uninitialized.h:579:33: error: no template named 'is_copy_assignable'; did you mean '::std::is_copy_assignable'?
      const bool __assignable = is_copy_assignable<_ValueType>::value;
                                ^
/usr/bin/../lib/gcc/x86_64-redhat-linux/7/../../../../include/c++/7/type_traits:1291:12: note: '::std::is_copy_assignable' declared here
    struct is_copy_assignable
           ^
In file included from src/screen.cpp:6:
In file included from include/screen.hpp:6:
In file included from include/file.hpp:4:
In file included from /usr/bin/../lib/gcc/x86_64-redhat-linux/7/../../../../include/c++/7/vector:63:
/usr/bin/../lib/gcc/x86_64-redhat-linux/7/../../../../include/c++/7/bits/stl_uninitialized.h:601:35: error: no member named '__addressof' in namespace 'Djinni::std'; did you mean '::std::__addressof'?
            __traits::construct(__alloc, std::__addressof(*__cur));
                                         ^~~~~
/usr/bin/../lib/gcc/x86_64-redhat-linux/7/../../../../include/c++/7/bits/move.h:47:5: note: '::std::__addressof' declared here
    __addressof(_Tp& __r) _GLIBCXX_NOEXCEPT
    ^
In file included from src/screen.cpp:6:
In file included from include/screen.hpp:6:
In file included from include/file.hpp:4:
In file included from /usr/bin/../lib/gcc/x86_64-redhat-linux/7/../../../../include/c++/7/vector:63:
/usr/bin/../lib/gcc/x86_64-redhat-linux/7/../../../../include/c++/7/bits/stl_uninitialized.h:614:10: error: no template named 'allocator'; did you mean '::std::allocator'?
                              allocator<_Tp>&)
                              ^
/usr/bin/../lib/gcc/x86_64-redhat-linux/7/../../../../include/c++/7/bits/allocator.h:108:11: note: '::std::allocator' declared here
    class allocator: public __allocator_base<_Tp>
          ^
In file included from src/screen.cpp:6:
In file included from include/screen.hpp:6:
In file included from include/file.hpp:4:
In file included from /usr/bin/../lib/gcc/x86_64-redhat-linux/7/../../../../include/c++/7/vector:63:
/usr/bin/../lib/gcc/x86_64-redhat-linux/7/../../../../include/c++/7/bits/stl_uninitialized.h:631:35: error: no member named '__addressof' in namespace 'Djinni::std'; did you mean '::std::__addressof'?
            __traits::construct(__alloc, std::__addressof(*__cur));
                                         ^~~~~
/usr/bin/../lib/gcc/x86_64-redhat-linux/7/../../../../include/c++/7/bits/move.h:47:5: note: '::std::__addressof' declared here
    __addressof(_Tp& __r) _GLIBCXX_NOEXCEPT
    ^
In file included from src/screen.cpp:6:
In file included from include/screen.hpp:6:
In file included from include/file.hpp:4:
In file included from /usr/bin/../lib/gcc/x86_64-redhat-linux/7/../../../../include/c++/7/vector:63:
/usr/bin/../lib/gcc/x86_64-redhat-linux/7/../../../../include/c++/7/bits/stl_uninitialized.h:644:5: error: no template named 'allocator'; did you mean '::std::allocator'?
                                allocator<_Tp>&)
                                ^
/usr/bin/../lib/gcc/x86_64-redhat-linux/7/../../../../include/c++/7/bits/allocator.h:108:11: note: '::std::allocator' declared here
    class allocator: public __allocator_base<_Tp>
          ^
In file included from src/screen.cpp:6:
In file included from include/screen.hpp:6:
In file included from include/file.hpp:4:
In file included from /usr/bin/../lib/gcc/x86_64-redhat-linux/7/../../../../include/c++/7/vector:63:
/usr/bin/../lib/gcc/x86_64-redhat-linux/7/../../../../include/c++/7/bits/stl_uninitialized.h:659:32: error: no member named '__addressof' in namespace 'Djinni::std'
                std::_Construct_novalue(std::__addressof(*__cur));
                                        ~~~~~^
/usr/bin/../lib/gcc/x86_64-redhat-linux/7/../../../../include/c++/7/bits/stl_uninitialized.h:691:32: error: no member named '__addressof' in namespace 'Djinni::std'
                std::_Construct_novalue(std::__addressof(*__cur));
                                        ~~~~~^
/usr/bin/../lib/gcc/x86_64-redhat-linux/7/../../../../include/c++/7/bits/stl_uninitialized.h:708:16: error: no member named 'next' in namespace 'Djinni::std'
        { return std::next(__first, __n); }
                 ~~~~~^
/usr/bin/../lib/gcc/x86_64-redhat-linux/7/../../../../include/c++/7/bits/stl_uninitialized.h:719:24: error: expected a qualified name after 'typename'
      typedef typename iterator_traits<_ForwardIterator>::value_type
                       ^
/usr/bin/../lib/gcc/x86_64-redhat-linux/7/../../../../include/c++/7/bits/stl_uninitialized.h:719:39: error: expected ';' at end of declaration
      typedef typename iterator_traits<_ForwardIterator>::value_type
                                      ^
/usr/bin/../lib/gcc/x86_64-redhat-linux/7/../../../../include/c++/7/bits/stl_uninitialized.h:723:2: error: use of undeclared identifier 'is_trivially_default_constructible'
        is_trivially_default_constructible<_ValueType>::value>::
        ^
/usr/bin/../lib/gcc/x86_64-redhat-linux/7/../../../../include/c++/7/bits/stl_uninitialized.h:723:37: error: use of undeclared identifier '_ValueType'
        is_trivially_default_constructible<_ValueType>::value>::
                                           ^
/usr/bin/../lib/gcc/x86_64-redhat-linux/7/../../../../include/c++/7/bits/stl_uninitialized.h:723:50: error: no type named 'value' in the global namespace
        is_trivially_default_constructible<_ValueType>::value>::
                                                      ~~^
/usr/bin/../lib/gcc/x86_64-redhat-linux/7/../../../../include/c++/7/bits/stl_uninitialized.h:723:55: error: expected unqualified-id
        is_trivially_default_constructible<_ValueType>::value>::
                                                             ^
/usr/bin/../lib/gcc/x86_64-redhat-linux/7/../../../../include/c++/7/bits/stl_uninitialized.h:733:24: error: expected a qualified name after 'typename'
      typedef typename iterator_traits<_ForwardIterator>::value_type
                       ^
/usr/bin/../lib/gcc/x86_64-redhat-linux/7/../../../../include/c++/7/bits/stl_uninitialized.h:733:39: error: expected ';' at end of declaration
      typedef typename iterator_traits<_ForwardIterator>::value_type
                                      ^
/usr/bin/../lib/gcc/x86_64-redhat-linux/7/../../../../include/c++/7/bits/stl_uninitialized.h:737:2: error: use of undeclared identifier 'is_trivially_default_constructible'
        is_trivially_default_constructible<_ValueType>::value>::
        ^
/usr/bin/../lib/gcc/x86_64-redhat-linux/7/../../../../include/c++/7/bits/stl_uninitialized.h:737:37: error: use of undeclared identifier '_ValueType'
        is_trivially_default_constructible<_ValueType>::value>::
                                           ^
/usr/bin/../lib/gcc/x86_64-redhat-linux/7/../../../../include/c++/7/bits/stl_uninitialized.h:745:34: error: unknown type name 'input_iterator_tag'
                           _ForwardIterator __result, input_iterator_tag)
                                                      ^
/usr/bin/../lib/gcc/x86_64-redhat-linux/7/../../../../include/c++/7/bits/stl_uninitialized.h:751:27: error: no member named '__addressof' in namespace 'Djinni::std'
            std::_Construct(std::__addressof(*__cur), *__first);
                            ~~~~~^
/usr/bin/../lib/gcc/x86_64-redhat-linux/7/../../../../include/c++/7/bits/stl_uninitialized.h:766:7: error: unknown type name 'random_access_iterator_tag'
                           random_access_iterator_tag)
                           ^
/usr/bin/../lib/gcc/x86_64-redhat-linux/7/../../../../include/c++/7/bits/stl_uninitialized.h:771:5: error: no template named 'pair'
    pair<_InputIterator, _ForwardIterator>
    ^
/usr/bin/../lib/gcc/x86_64-redhat-linux/7/../../../../include/c++/7/bits/stl_uninitialized.h:773:34: error: unknown type name 'input_iterator_tag'
                           _ForwardIterator __result, input_iterator_tag)
                                                      ^
/usr/bin/../lib/gcc/x86_64-redhat-linux/7/../../../../include/c++/7/bits/stl_uninitialized.h:779:27: error: no member named '__addressof' in namespace 'Djinni::std'
            std::_Construct(std::__addressof(*__cur), *__first);
                            ~~~~~^
/usr/bin/../lib/gcc/x86_64-redhat-linux/7/../../../../include/c++/7/bits/stl_uninitialized.h:791:12: error: no template named 'pair'
    inline pair<_RandomAccessIterator, _ForwardIterator>
           ^
/usr/bin/../lib/gcc/x86_64-redhat-linux/7/../../../../include/c++/7/bits/stl_uninitialized.h:794:7: error: unknown type name 'random_access_iterator_tag'
                           random_access_iterator_tag)
                           ^
/usr/bin/../lib/gcc/x86_64-redhat-linux/7/../../../../include/c++/7/bits/stl_uninitialized.h:797:31: error: no member named 'next' in namespace 'Djinni::std'
      auto __first_res = std::next(__first, __n);
                         ~~~~~^
/usr/bin/../lib/gcc/x86_64-redhat-linux/7/../../../../include/c++/7/bits/stl_uninitialized.h:815:12: error: no member named '__iterator_category' in namespace 'Djinni::std'
                                         std::__iterator_category(__first)); }
                                         ~~~~~^
/usr/bin/../lib/gcc/x86_64-redhat-linux/7/../../../../include/c++/7/bits/stl_uninitialized.h:818:12: error: no template named 'pair'
    inline pair<_InputIterator, _ForwardIterator>
           ^
/usr/bin/../lib/gcc/x86_64-redhat-linux/7/../../../../include/c++/7/bits/stl_uninitialized.h:824:12: error: no member named '__iterator_category' in namespace 'Djinni::std'
                                         std::__iterator_category(__first));
                                         ~~~~~^
In file included from src/screen.cpp:6:
In file included from include/screen.hpp:6:
In file included from include/file.hpp:4:
In file included from /usr/bin/../lib/gcc/x86_64-redhat-linux/7/../../../../include/c++/7/vector:64:
/usr/bin/../lib/gcc/x86_64-redhat-linux/7/../../../../include/c++/7/bits/stl_vector.h:98:24: error: no member named 'move' in namespace 'Djinni::std'
        : _Tp_alloc_type(std::move(__a)),
                         ~~~~~^
/usr/bin/../lib/gcc/x86_64-redhat-linux/7/../../../../include/c++/7/bits/stl_vector.h:105:9: error: no member named 'swap' in namespace 'Djinni::std'
          std::swap(_M_start, __x._M_start);
          ~~~~~^
/usr/bin/../lib/gcc/x86_64-redhat-linux/7/../../../../include/c++/7/bits/stl_vector.h:106:9: error: no member named 'swap' in namespace 'Djinni::std'
          std::swap(_M_finish, __x._M_finish);
          ~~~~~^
/usr/bin/../lib/gcc/x86_64-redhat-linux/7/../../../../include/c++/7/bits/stl_vector.h:107:9: error: no member named 'swap' in namespace 'Djinni::std'
          std::swap(_M_end_of_storage, __x._M_end_of_storage);
          ~~~~~^
/usr/bin/../lib/gcc/x86_64-redhat-linux/7/../../../../include/c++/7/bits/stl_vector.h:142:22: error: no member named 'move' in namespace 'Djinni::std'
      : _M_impl(std::move(__a)) { }
                ~~~~~^
/usr/bin/../lib/gcc/x86_64-redhat-linux/7/../../../../include/c++/7/bits/stl_vector.h:145:22: error: no member named 'move' in namespace 'Djinni::std'
      : _M_impl(std::move(__x._M_get_Tp_allocator()))
                ~~~~~^
/usr/bin/../lib/gcc/x86_64-redhat-linux/7/../../../../include/c++/7/bits/stl_vector.h:215:49: error: no template named 'allocator' in namespace 'Djinni::std'
  template<typename _Tp, typename _Alloc = std::allocator<_Tp> >
                                           ~~~~~^
/usr/bin/../lib/gcc/x86_64-redhat-linux/7/../../../../include/c++/7/bits/stl_vector.h:240:20: error: no template named 'reverse_iterator' in namespace 'Djinni::std'
      typedef std::reverse_iterator<const_iterator>     const_reverse_iterator;
              ~~~~~^
/usr/bin/../lib/gcc/x86_64-redhat-linux/7/../../../../include/c++/7/bits/stl_vector.h:241:20: error: no template named 'reverse_iterator' in namespace 'Djinni::std'
      typedef std::reverse_iterator<iterator>           reverse_iterator;
              ~~~~~^
/usr/bin/../lib/gcc/x86_64-redhat-linux/7/../../../../include/c++/7/bits/stl_vector.h:383:14: error: no template named 'initializer_list'
      vector(initializer_list<value_type> __l,
             ^
/usr/bin/../lib/gcc/x86_64-redhat-linux/7/../../../../include/c++/7/bits/stl_vector.h:410:25: error: no template named '_RequireInputIter' in namespace 'Djinni::std'
               typename = std::_RequireInputIter<_InputIterator>>
                          ~~~~~^
/usr/bin/../lib/gcc/x86_64-redhat-linux/7/../../../../include/c++/7/bits/stl_vector.h:482:17: error: no template named 'initializer_list'
      operator=(initializer_list<value_type> __l)
                ^
/usr/bin/../lib/gcc/x86_64-redhat-linux/7/../../../../include/c++/7/bits/stl_vector.h:518:25: error: no template named '_RequireInputIter' in namespace 'Djinni::std'
               typename = std::_RequireInputIter<_InputIterator>>
                          ~~~~~^
/usr/bin/../lib/gcc/x86_64-redhat-linux/7/../../../../include/c++/7/bits/stl_vector.h:546:14: error: no template named 'initializer_list'
      assign(initializer_list<value_type> __l)
             ^
/usr/bin/../lib/gcc/x86_64-redhat-linux/7/../../../../include/c++/7/bits/stl_vector.h:1059:41: error: no template named 'initializer_list'
      insert(const_iterator __position, initializer_list<value_type> __l)
                                        ^
/usr/bin/../lib/gcc/x86_64-redhat-linux/7/../../../../include/c++/7/bits/stl_vector.h:1126:25: error: no template named '_RequireInputIter' in namespace 'Djinni::std'
               typename = std::_RequireInputIter<_InputIterator>>
                          ~~~~~^
/usr/bin/../lib/gcc/x86_64-redhat-linux/7/../../../../include/c++/7/bits/stl_vector.h:1283:57: error: unknown type name '__true_type'
        _M_initialize_dispatch(_Integer __n, _Integer __value, __true_type)
                                                               ^
/usr/bin/../lib/gcc/x86_64-redhat-linux/7/../../../../include/c++/7/bits/stl_vector.h:1295:11: error: unknown type name '__false_type'
                               __false_type)
                               ^
/usr/bin/../lib/gcc/x86_64-redhat-linux/7/../../../../include/c++/7/bits/stl_vector.h:1306:36: error: no type named 'input_iterator_tag' in namespace 'Djinni::std'
                            _InputIterator __last, std::input_iterator_tag)
                                                   ~~~~~^
/usr/bin/../lib/gcc/x86_64-redhat-linux/7/../../../../include/c++/7/bits/stl_vector.h:1320:38: error: no type named 'forward_iterator_tag' in namespace 'Djinni::std'
                            _ForwardIterator __last, std::forward_iterator_tag)
                                                     ~~~~~^
/usr/bin/../lib/gcc/x86_64-redhat-linux/7/../../../../include/c++/7/bits/stl_vector.h:1361:51: error: unknown type name '__true_type'
        _M_assign_dispatch(_Integer __n, _Integer __val, __true_type)
                                                         ^
/usr/bin/../lib/gcc/x86_64-redhat-linux/7/../../../../include/c++/7/bits/stl_vector.h:1368:7: error: unknown type name '__false_type'
                           __false_type)
                           ^
/usr/bin/../lib/gcc/x86_64-redhat-linux/7/../../../../include/c++/7/bits/stl_vector.h:1375:14: error: no type named 'input_iterator_tag' in namespace 'Djinni::std'
                      std::input_iterator_tag);
                      ~~~~~^
/usr/bin/../lib/gcc/x86_64-redhat-linux/7/../../../../include/c++/7/bits/stl_vector.h:1381:14: error: no type named 'forward_iterator_tag' in namespace 'Djinni::std'
                      std::forward_iterator_tag);
                      ~~~~~^
/usr/bin/../lib/gcc/x86_64-redhat-linux/7/../../../../include/c++/7/bits/stl_vector.h:1397:7: error: unknown type name '__true_type'
                           __true_type)
                           ^
/usr/bin/../lib/gcc/x86_64-redhat-linux/7/../../../../include/c++/7/bits/stl_vector.h:1404:30: error: unknown type name '__false_type'
                           _InputIterator __last, __false_type)
                                                  ^
/usr/bin/../lib/gcc/x86_64-redhat-linux/7/../../../../include/c++/7/bits/stl_vector.h:1414:32: error: no type named 'input_iterator_tag' in namespace 'Djinni::std'
                        _InputIterator __last, std::input_iterator_tag);
                                               ~~~~~^
/usr/bin/../lib/gcc/x86_64-redhat-linux/7/../../../../include/c++/7/bits/stl_vector.h:1420:34: error: no type named 'forward_iterator_tag' in namespace 'Djinni::std'
                        _ForwardIterator __last, std::forward_iterator_tag);
                                                 ~~~~~^
/usr/bin/../lib/gcc/x86_64-redhat-linux/7/../../../../include/c++/7/bits/stl_vector.h:1467:11: error: expected a qualified name after 'typename'
        typename aligned_storage<sizeof(_Tp), alignof(_Tp)>::type __buf;
                 ^
/usr/bin/../lib/gcc/x86_64-redhat-linux/7/../../../../include/c++/7/bits/stl_vector.h:1467:26: error: expected ';' at end of declaration list
        typename aligned_storage<sizeof(_Tp), alignof(_Tp)>::type __buf;
                                ^
/usr/bin/../lib/gcc/x86_64-redhat-linux/7/../../../../include/c++/7/bits/stl_vector.h:1529:41: error: no type named 'true_type' in namespace 'Djinni::std'
      _M_move_assign(vector&& __x, std::true_type) noexcept
                                   ~~~~~^
/usr/bin/../lib/gcc/x86_64-redhat-linux/7/../../../../include/c++/7/bits/stl_vector.h:1540:41: error: no type named 'false_type' in namespace 'Djinni::std'
      _M_move_assign(vector&& __x, std::false_type)
                                   ~~~~~^
/usr/bin/../lib/gcc/x86_64-redhat-linux/7/../../../../include/c++/7/bits/stl_vector.h:1562:16: error: no type named 'pointer_traits' in namespace 'Djinni::std'
        typename std::pointer_traits<_Ptr>::element_type*
        ~~~~~~~~~~~~~~^~~~~~~~~~~~~~
/usr/bin/../lib/gcc/x86_64-redhat-linux/7/../../../../include/c++/7/bits/stl_vector.h:1562:30: error: expected member name or ';' after declaration specifiers
        typename std::pointer_traits<_Ptr>::element_type*
        ~~~~~~~~~~~~~~~~~~~~~~~~~~~~^
/usr/bin/../lib/gcc/x86_64-redhat-linux/7/../../../../include/c++/7/bits/stl_vector.h:261:16: error: use of undeclared identifier 'is_nothrow_default_constructible'
      noexcept(is_nothrow_default_constructible<_Alloc>::value)
               ^
/usr/bin/../lib/gcc/x86_64-redhat-linux/7/../../../../include/c++/7/bits/stl_vector.h:261:49: error: '_Alloc' does not refer to a value
      noexcept(is_nothrow_default_constructible<_Alloc>::value)
                                                ^
/usr/bin/../lib/gcc/x86_64-redhat-linux/7/../../../../include/c++/7/bits/stl_vector.h:215:35: note: declared here
  template<typename _Tp, typename _Alloc = std::allocator<_Tp> >
                                  ^
/usr/bin/../lib/gcc/x86_64-redhat-linux/7/../../../../include/c++/7/bits/stl_vector.h:261:58: error: no member named 'value' in the global namespace
      noexcept(is_nothrow_default_constructible<_Alloc>::value)
                                                       ~~^
/usr/bin/../lib/gcc/x86_64-redhat-linux/7/../../../../include/c++/7/bits/stl_vector.h:345:20: error: no member named 'move' in namespace 'Djinni::std'
      : _Base(std::move(__x)) { }
              ~~~~~^
/usr/bin/../lib/gcc/x86_64-redhat-linux/7/../../../../include/c++/7/bits/stl_vector.h:360:20: error: no member named 'move' in namespace 'Djinni::std'
      : _Base(std::move(__rv), __m)
              ~~~~~^
/usr/bin/../lib/gcc/x86_64-redhat-linux/7/../../../../include/c++/7/bits/stl_vector.h:388:8: error: use of undeclared identifier 'random_access_iterator_tag'
                            random_access_iterator_tag());
                            ^
/usr/bin/../lib/gcc/x86_64-redhat-linux/7/../../../../include/c++/7/bits/stl_vector.h:414:44: error: use of undeclared identifier '__false_type'
        { _M_initialize_dispatch(__first, __last, __false_type()); }
                                                  ^
/usr/bin/../lib/gcc/x86_64-redhat-linux/7/../../../../include/c++/7/bits/stl_vector.h:466:22: error: no member named 'move' in namespace 'Djinni::std'
        _M_move_assign(std::move(__x), __bool_constant<__move_storage>());
                       ~~~~~^
/usr/bin/../lib/gcc/x86_64-redhat-linux/7/../../../../include/c++/7/bits/stl_vector.h:466:33: error: use of undeclared identifier '__bool_constant'
        _M_move_assign(std::move(__x), __bool_constant<__move_storage>());
                                       ^
/usr/bin/../lib/gcc/x86_64-redhat-linux/7/../../../../include/c++/7/bits/stl_vector.h:466:65: error: expected expression
        _M_move_assign(std::move(__x), __bool_constant<__move_storage>());
                                                                       ^
/usr/bin/../lib/gcc/x86_64-redhat-linux/7/../../../../include/c++/7/bits/stl_vector.h:485:8: error: use of undeclared identifier 'random_access_iterator_tag'
                            random_access_iterator_tag());
                            ^
/usr/bin/../lib/gcc/x86_64-redhat-linux/7/../../../../include/c++/7/bits/stl_vector.h:521:40: error: use of undeclared identifier '__false_type'
        { _M_assign_dispatch(__first, __last, __false_type()); }
                                              ^
/usr/bin/../lib/gcc/x86_64-redhat-linux/7/../../../../include/c++/7/bits/stl_vector.h:549:8: error: use of undeclared identifier 'random_access_iterator_tag'
                            random_access_iterator_tag());
                            ^
/usr/bin/../lib/gcc/x86_64-redhat-linux/7/../../../../include/c++/7/bits/stl_vector.h:954:27: error: no member named 'move' in namespace 'Djinni::std'
      { emplace_back(std::move(__x)); }
                     ~~~~~^
/usr/bin/../lib/gcc/x86_64-redhat-linux/7/../../../../include/c++/7/bits/stl_vector.h:998:43: error: no member named 'forward' in namespace 'Djinni::std'
        { return _M_emplace_aux(__position, std::forward<_Args>(__args)...); }
                                            ~~~~~^
/usr/bin/../lib/gcc/x86_64-redhat-linux/7/../../../../include/c++/7/bits/stl_vector.h:998:51: error: '_Args' does not refer to a value
        { return _M_emplace_aux(__position, std::forward<_Args>(__args)...); }
                                                         ^
/usr/bin/../lib/gcc/x86_64-redhat-linux/7/../../../../include/c++/7/bits/stl_vector.h:995:28: note: declared here
      template<typename... _Args>
                           ^
/usr/bin/../lib/gcc/x86_64-redhat-linux/7/../../../../include/c++/7/bits/stl_vector.h:1043:48: error: no member named 'move' in namespace 'Djinni::std'
      { return _M_insert_rval(__position, std::move(__x)); }
                                          ~~~~~^
/usr/bin/../lib/gcc/x86_64-redhat-linux/7/../../../../include/c++/7/bits/stl_vector.h:1063:9: error: no member named 'random_access_iterator_tag' in namespace 'Djinni::std'
                        std::random_access_iterator_tag());
                        ~~~~~^
/usr/bin/../lib/gcc/x86_64-redhat-linux/7/../../../../include/c++/7/bits/stl_vector.h:1133:26: error: use of undeclared identifier '__false_type'
                             __first, __last, __false_type());
                                              ^
/usr/bin/../lib/gcc/x86_64-redhat-linux/7/../../../../include/c++/7/bits/stl_vector.h:1297:26: error: no type named 'iterator_traits' in namespace 'Djinni::std'
          typedef typename std::iterator_traits<_InputIterator>::
                  ~~~~~~~~~~~~~~^~~~~~~~~~~~~~~
/usr/bin/../lib/gcc/x86_64-redhat-linux/7/../../../../include/c++/7/bits/stl_vector.h:1297:41: error: expected unqualified-id
          typedef typename std::iterator_traits<_InputIterator>::
                                               ^
/usr/bin/../lib/gcc/x86_64-redhat-linux/7/../../../../include/c++/7/bits/stl_vector.h:1299:41: error: use of undeclared identifier '_IterCategory'
          _M_range_initialize(__first, __last, _IterCategory());
                                               ^
/usr/bin/../lib/gcc/x86_64-redhat-linux/7/../../../../include/c++/7/bits/stl_vector.h:1322:31: error: no member named 'distance' in namespace 'Djinni::std'
          const size_type __n = std::distance(__first, __last);
                                ~~~~~^
/usr/bin/../lib/gcc/x86_64-redhat-linux/7/../../../../include/c++/7/bits/stl_vector.h:1369:40: error: no member named '__iterator_category' in namespace 'Djinni::std'
        { _M_assign_aux(__first, __last, std::__iterator_category(__first)); }
                                         ~~~~~^
/usr/bin/../lib/gcc/x86_64-redhat-linux/7/../../../../include/c++/7/bits/stl_vector.h:1407:11: error: no member named '__iterator_category' in namespace 'Djinni::std'
                          std::__iterator_category(__first));
                          ~~~~~^
/usr/bin/../lib/gcc/x86_64-redhat-linux/7/../../../../include/c++/7/bits/stl_vector.h:1453:15: error: no member named 'forward' in namespace 'Djinni::std'
                                     std::forward<_Args>(__args)...);
                                     ~~~~~^
/usr/bin/../lib/gcc/x86_64-redhat-linux/7/../../../../include/c++/7/bits/stl_vector.h:1453:23: error: '_Args' does not refer to a value
                                     std::forward<_Args>(__args)...);
                                                  ^
/usr/bin/../lib/gcc/x86_64-redhat-linux/7/../../../../include/c++/7/bits/stl_vector.h:1448:23: note: declared here
        template<typename... _Args>
                             ^
/usr/bin/../lib/gcc/x86_64-redhat-linux/7/../../../../include/c++/7/bits/stl_vector.h:1460:45: error: use of undeclared identifier '__buf'
        _M_val() { return *reinterpret_cast<_Tp*>(&__buf); }
                                                   ^
/usr/bin/../lib/gcc/x86_64-redhat-linux/7/../../../../include/c++/7/bits/stl_vector.h:1464:20: error: use of undeclared identifier 'pointer_traits'
        _M_ptr() { return pointer_traits<pointer>::pointer_to(_M_val()); }
                          ^
/usr/bin/../lib/gcc/x86_64-redhat-linux/7/../../../../include/c++/7/bits/stl_vector.h:1464:35: error: unexpected type name 'pointer': expected expression
        _M_ptr() { return pointer_traits<pointer>::pointer_to(_M_val()); }
                                         ^
/usr/bin/../lib/gcc/x86_64-redhat-linux/7/../../../../include/c++/7/bits/stl_vector.h:1464:45: error: no member named 'pointer_to' in the global namespace
        _M_ptr() { return pointer_traits<pointer>::pointer_to(_M_val()); }
                                                 ~~^
/usr/bin/../lib/gcc/x86_64-redhat-linux/7/../../../../include/c++/7/bits/stl_vector.h:1492:48: error: no member named 'move' in namespace 'Djinni::std'
      { return _M_insert_rval(__position, std::move(__v)); }
                                          ~~~~~^
/usr/bin/../lib/gcc/x86_64-redhat-linux/7/../../../../include/c++/7/bits/stl_vector.h:1500:4: error: use of undeclared identifier '__throw_length_error'
          __throw_length_error(__N(__s));
          ^
/usr/bin/../lib/gcc/x86_64-redhat-linux/7/../../../../include/c++/7/bits/stl_vector.h:1502:40: error: no member named 'max' in namespace 'Djinni::std'
        const size_type __len = size() + std::max(size(), __n);
                                         ~~~~~^
/usr/bin/../lib/gcc/x86_64-redhat-linux/7/../../../../include/c++/7/bits/stl_vector.h:1534:7: error: no member named '__alloc_on_move' in namespace 'Djinni::std'
        std::__alloc_on_move(_M_get_Tp_allocator(), __x._M_get_Tp_allocator());
        ~~~~~^
/usr/bin/../lib/gcc/x86_64-redhat-linux/7/../../../../include/c++/7/bits/stl_vector.h:1543:24: error: no member named 'move' in namespace 'Djinni::std'
          _M_move_assign(std::move(__x), std::true_type());
                         ~~~~~^
/usr/bin/../lib/gcc/x86_64-redhat-linux/7/../../../../include/c++/7/bits/stl_vector.h:1543:40: error: no member named 'true_type' in namespace 'Djinni::std'
          _M_move_assign(std::move(__x), std::true_type());
                                         ~~~~~^
/usr/bin/../lib/gcc/x86_64-redhat-linux/7/../../../../include/c++/7/bits/stl_vector.h:1548:24: error: no member named '__make_move_if_noexcept_iterator' in namespace 'Djinni::std'
            this->assign(std::__make_move_if_noexcept_iterator(__x.begin()),
                         ~~~~~^
/usr/bin/../lib/gcc/x86_64-redhat-linux/7/../../../../include/c++/7/bits/stl_vector.h:1549:10: error: no member named '__make_move_if_noexcept_iterator' in namespace 'Djinni::std'
                         std::__make_move_if_noexcept_iterator(__x.end()));
                         ~~~~~^
/usr/bin/../lib/gcc/x86_64-redhat-linux/7/../../../../include/c++/7/bits/stl_vector.h:1598:16: error: no member named 'equal' in namespace 'Djinni::std'
              && std::equal(__x.begin(), __x.end(), __y.begin())); }
                 ~~~~~^
/usr/bin/../lib/gcc/x86_64-redhat-linux/7/../../../../include/c++/7/bits/stl_vector.h:1614:19: error: no member named 'lexicographical_compare' in namespace 'Djinni::std'
    { return std::lexicographical_compare(__x.begin(), __x.end(),
             ~~~~~^
In file included from src/screen.cpp:6:
In file included from include/screen.hpp:6:
In file included from include/file.hpp:4:
In file included from /usr/bin/../lib/gcc/x86_64-redhat-linux/7/../../../../include/c++/7/vector:65:
/usr/bin/../lib/gcc/x86_64-redhat-linux/7/../../../../include/c++/7/bits/stl_bvector.h:137:17: error: unknown template name 'iterator'
  : public std::iterator<std::random_access_iterator_tag, bool>
                ^
/usr/bin/../lib/gcc/x86_64-redhat-linux/7/../../../../include/c++/7/bits/stl_bvector.h:137:31: error: no member named 'random_access_iterator_tag' in namespace 'Djinni::std'
  : public std::iterator<std::random_access_iterator_tag, bool>
                         ~~~~~^
/usr/bin/../lib/gcc/x86_64-redhat-linux/7/../../../../include/c++/7/bits/stl_bvector.h:168:7: error: unknown type name 'difference_type'
      difference_type __n = __i + _M_offset;
      ^
/usr/bin/../lib/gcc/x86_64-redhat-linux/7/../../../../include/c++/7/bits/stl_bvector.h:264:16: error: unknown type name 'difference_type'
    operator+=(difference_type __i)
               ^
/usr/bin/../lib/gcc/x86_64-redhat-linux/7/../../../../include/c++/7/bits/stl_bvector.h:271:16: error: unknown type name 'difference_type'
    operator-=(difference_type __i)
               ^
/usr/bin/../lib/gcc/x86_64-redhat-linux/7/../../../../include/c++/7/bits/stl_bvector.h:278:15: error: unknown type name 'difference_type'
    operator+(difference_type __i) const
              ^
/usr/bin/../lib/gcc/x86_64-redhat-linux/7/../../../../include/c++/7/bits/stl_bvector.h:285:15: error: unknown type name 'difference_type'
    operator-(difference_type __i) const
              ^
/usr/bin/../lib/gcc/x86_64-redhat-linux/7/../../../../include/c++/7/bits/stl_bvector.h:292:16: error: unknown type name 'difference_type'
    operator[](difference_type __i) const
               ^
/usr/bin/../lib/gcc/x86_64-redhat-linux/7/../../../../include/c++/7/bits/stl_bvector.h:354:16: error: unknown type name 'difference_type'
    operator+=(difference_type __i)
               ^
/usr/bin/../lib/gcc/x86_64-redhat-linux/7/../../../../include/c++/7/bits/stl_bvector.h:361:16: error: unknown type name 'difference_type'
    operator-=(difference_type __i)
               ^
/usr/bin/../lib/gcc/x86_64-redhat-linux/7/../../../../include/c++/7/bits/stl_bvector.h:368:15: error: unknown type name 'difference_type'
    operator+(difference_type __i) const
              ^
/usr/bin/../lib/gcc/x86_64-redhat-linux/7/../../../../include/c++/7/bits/stl_bvector.h:375:15: error: unknown type name 'difference_type'
    operator-(difference_type __i) const
              ^
/usr/bin/../lib/gcc/x86_64-redhat-linux/7/../../../../include/c++/7/bits/stl_bvector.h:382:16: error: unknown type name 'difference_type'
    operator[](difference_type __i) const
               ^
/usr/bin/../lib/gcc/x86_64-redhat-linux/7/../../../../include/c++/7/bits/stl_bvector.h:402:12: error: no viable conversion from 'Djinni::std::_Bit_type *' (aka 'unsigned long *') to 'Djinni::std::_Bit_iterator'
        std::fill(__first._M_p + 1, __last._M_p, __x ? ~0 : 0);
                  ^~~~~~~~~~~~~~~~
/usr/bin/../lib/gcc/x86_64-redhat-linux/7/../../../../include/c++/7/bits/stl_bvector.h:214:10: note: candidate constructor (the implicit copy constructor) not viable: no known conversion from 'Djinni::std::_Bit_type *' (aka 'unsigned long *') to 'const Djinni::std::_Bit_iterator &' for 1st argument
  struct _Bit_iterator : public _Bit_iterator_base
         ^
/usr/bin/../lib/gcc/x86_64-redhat-linux/7/../../../../include/c++/7/bits/stl_bvector.h:214:10: note: candidate constructor (the implicit move constructor) not viable: no known conversion from 'Djinni::std::_Bit_type *' (aka 'unsigned long *') to 'Djinni::std::_Bit_iterator &&' for 1st argument
  struct _Bit_iterator : public _Bit_iterator_base
         ^
/usr/bin/../lib/gcc/x86_64-redhat-linux/7/../../../../include/c++/7/bits/stl_bvector.h:398:22: note: passing argument to parameter '__first' here
  fill(_Bit_iterator __first, _Bit_iterator __last, const bool& __x)
                     ^
/usr/bin/../lib/gcc/x86_64-redhat-linux/7/../../../../include/c++/7/bits/stl_bvector.h:436:25: error: no member named 'move' in namespace 'Djinni::std'
        : _Bit_alloc_type(std::move(__a)), _M_start(), _M_finish(),
                          ~~~~~^
/usr/bin/../lib/gcc/x86_64-redhat-linux/7/../../../../include/c++/7/bits/stl_bvector.h:445:18: error: no member named '__addressof' in namespace 'Djinni::std'
            return std::__addressof(_M_end_of_storage[-1]) + 1;
                   ~~~~~^
/usr/bin/../lib/gcc/x86_64-redhat-linux/7/../../../../include/c++/7/bits/stl_bvector.h:473:22: error: no member named 'move' in namespace 'Djinni::std'
      : _M_impl(std::move(__x._M_get_Bit_allocator()))
                ~~~~~^
/usr/bin/../lib/gcc/x86_64-redhat-linux/7/../../../../include/c++/7/bits/stl_bvector.h:563:18: error: no template named 'reverse_iterator' in namespace 'Djinni::std'
    typedef std::reverse_iterator<const_iterator>        const_reverse_iterator;
            ~~~~~^
/usr/bin/../lib/gcc/x86_64-redhat-linux/7/../../../../include/c++/7/bits/stl_bvector.h:564:18: error: no template named 'reverse_iterator' in namespace 'Djinni::std'
    typedef std::reverse_iterator<iterator>              reverse_iterator;
            ~~~~~^
/usr/bin/../lib/gcc/x86_64-redhat-linux/7/../../../../include/c++/7/bits/stl_bvector.h:652:12: error: no template named 'initializer_list'
    vector(initializer_list<bool> __l,
           ^
/usr/bin/../lib/gcc/x86_64-redhat-linux/7/../../../../include/c++/7/bits/stl_bvector.h:663:23: error: no template named '_RequireInputIter' in namespace 'Djinni::std'
             typename = std::_RequireInputIter<_InputIterator>>
                        ~~~~~^
/usr/bin/../lib/gcc/x86_64-redhat-linux/7/../../../../include/c++/7/bits/stl_bvector.h:743:15: error: no template named 'initializer_list'
    operator=(initializer_list<bool> __l)
              ^
/usr/bin/../lib/gcc/x86_64-redhat-linux/7/../../../../include/c++/7/bits/stl_bvector.h:760:23: error: no template named '_RequireInputIter' in namespace 'Djinni::std'
             typename = std::_RequireInputIter<_InputIterator>>
                        ~~~~~^
/usr/bin/../lib/gcc/x86_64-redhat-linux/7/../../../../include/c++/7/bits/stl_bvector.h:776:12: error: no template named 'initializer_list'
    assign(initializer_list<bool> __l)
           ^
/usr/bin/../lib/gcc/x86_64-redhat-linux/7/../../../../include/c++/7/bits/stl_bvector.h:969:23: error: no template named '_RequireInputIter' in namespace 'Djinni::std'
             typename = std::_RequireInputIter<_InputIterator>>
                        ~~~~~^
/usr/bin/../lib/gcc/x86_64-redhat-linux/7/../../../../include/c++/7/bits/stl_bvector.h:1006:32: error: no template named 'initializer_list'
    insert(const_iterator __p, initializer_list<bool> __l)
                               ^
/usr/bin/../lib/gcc/x86_64-redhat-linux/7/../../../../include/c++/7/bits/stl_bvector.h:1112:58: error: unknown type name '__true_type'
      _M_initialize_dispatch(_Integer __n, _Integer __x, __true_type)
                                                         ^
/usr/bin/../lib/gcc/x86_64-redhat-linux/7/../../../../include/c++/7/bits/stl_bvector.h:1122:9: error: unknown type name '__false_type'
                             __false_type)
                             ^
/usr/bin/../lib/gcc/x86_64-redhat-linux/7/../../../../include/c++/7/bits/stl_bvector.h:1129:11: error: no type named 'input_iterator_tag' in namespace 'Djinni::std'
                          std::input_iterator_tag)
                          ~~~~~^
/usr/bin/../lib/gcc/x86_64-redhat-linux/7/../../../../include/c++/7/bits/stl_bvector.h:1138:11: error: no type named 'forward_iterator_tag' in namespace 'Djinni::std'
                          std::forward_iterator_tag)
                          ~~~~~^
/usr/bin/../lib/gcc/x86_64-redhat-linux/7/../../../../include/c++/7/bits/stl_bvector.h:1149:56: error: unknown type name '__true_type'
      _M_assign_dispatch(_Integer __n, _Integer __val, __true_type)
                                                       ^
/usr/bin/../lib/gcc/x86_64-redhat-linux/7/../../../../include/c++/7/bits/stl_bvector.h:1155:5: error: unknown type name '__false_type'
                         __false_type)
                         ^
/usr/bin/../lib/gcc/x86_64-redhat-linux/7/../../../../include/c++/7/bits/stl_bvector.h:1178:12: error: no type named 'input_iterator_tag' in namespace 'Djinni::std'
                    std::input_iterator_tag)
                    ~~~~~^
/usr/bin/../lib/gcc/x86_64-redhat-linux/7/../../../../include/c++/7/bits/stl_bvector.h:1192:12: error: no type named 'forward_iterator_tag' in namespace 'Djinni::std'
                    std::forward_iterator_tag)
                    ~~~~~^
/usr/bin/../lib/gcc/x86_64-redhat-linux/7/../../../../include/c++/7/bits/stl_bvector.h:1213:5: error: unknown type name '__true_type'
                         __true_type)
                         ^
/usr/bin/../lib/gcc/x86_64-redhat-linux/7/../../../../include/c++/7/bits/stl_bvector.h:1220:5: error: unknown type name '__false_type'
                         __false_type)
                         ^
/usr/bin/../lib/gcc/x86_64-redhat-linux/7/../../../../include/c++/7/bits/stl_bvector.h:1230:37: error: no type named 'input_iterator_tag' in namespace 'Djinni::std'
                      _InputIterator __last, std::input_iterator_tag)
                                             ~~~~~^
/usr/bin/../lib/gcc/x86_64-redhat-linux/7/../../../../include/c++/7/bits/stl_bvector.h:1242:39: error: no type named 'forward_iterator_tag' in namespace 'Djinni::std'
                      _ForwardIterator __last, std::forward_iterator_tag);
                                               ~~~~~^
/usr/bin/../lib/gcc/x86_64-redhat-linux/7/../../../../include/c++/7/bits/stl_bvector.h:579:16: error: use of undeclared identifier 'is_nothrow_default_constructible'
      noexcept(is_nothrow_default_constructible<allocator_type>::value)
               ^
/usr/bin/../lib/gcc/x86_64-redhat-linux/7/../../../../include/c++/7/bits/stl_bvector.h:579:49: error: unexpected type name 'allocator_type': expected expression
      noexcept(is_nothrow_default_constructible<allocator_type>::value)
                                                ^
/usr/bin/../lib/gcc/x86_64-redhat-linux/7/../../../../include/c++/7/bits/stl_bvector.h:579:66: error: no member named 'value' in the global namespace
      noexcept(is_nothrow_default_constructible<allocator_type>::value)
                                                               ~~^
/usr/bin/../lib/gcc/x86_64-redhat-linux/7/../../../../include/c++/7/bits/stl_bvector.h:622:18: error: no member named 'move' in namespace 'Djinni::std'
    : _Base(std::move(__x)) { }
            ~~~~~^
/usr/bin/../lib/gcc/x86_64-redhat-linux/7/../../../../include/c++/7/bits/stl_bvector.h:657:6: error: use of undeclared identifier 'random_access_iterator_tag'
                          random_access_iterator_tag());
                          ^
/usr/bin/../lib/gcc/x86_64-redhat-linux/7/../../../../include/c++/7/bits/stl_bvector.h:667:49: error: use of undeclared identifier '__false_type'
      { _M_initialize_dispatch(__first, __last, __false_type()); }
                                                ^
/usr/bin/../lib/gcc/x86_64-redhat-linux/7/../../../../include/c++/7/bits/stl_bvector.h:692:13: error: no member named '__alloc_on_copy' in namespace 'Djinni::std'
              std::__alloc_on_copy(_M_get_Bit_allocator(),
              ~~~~~^
/usr/bin/../lib/gcc/x86_64-redhat-linux/7/../../../../include/c++/7/bits/stl_bvector.h:697:11: error: no member named '__alloc_on_copy' in namespace 'Djinni::std'
            std::__alloc_on_copy(_M_get_Bit_allocator(),
            ~~~~~^
/usr/bin/../lib/gcc/x86_64-redhat-linux/7/../../../../include/c++/7/bits/stl_bvector.h:725:9: error: no member named '__alloc_on_move' in namespace 'Djinni::std'
          std::__alloc_on_move(_M_get_Bit_allocator(),
          ~~~~~^
/usr/bin/../lib/gcc/x86_64-redhat-linux/7/../../../../include/c++/7/bits/stl_bvector.h:763:45: error: use of undeclared identifier '__false_type'
      { _M_assign_dispatch(__first, __last, __false_type()); }
                                            ^
/usr/bin/../lib/gcc/x86_64-redhat-linux/7/../../../../include/c++/7/bits/stl_bvector.h:893:2: error: use of undeclared identifier '__throw_length_error'
        __throw_length_error(__N("vector::reserve"));
        ^
/usr/bin/../lib/gcc/x86_64-redhat-linux/7/../../../../include/c++/7/bits/stl_bvector.h:976:24: error: use of undeclared identifier '__false_type'
                           __first, __last, __false_type());
                                            ^
/usr/bin/../lib/gcc/x86_64-redhat-linux/7/../../../../include/c++/7/bits/stl_bvector.h:1084:29: error: no member named 'copy' in namespace 'Djinni::std'
      _Bit_type* __q = std::copy(__first._M_p, __last._M_p, __result._M_p);
                       ~~~~~^
/usr/bin/../lib/gcc/x86_64-redhat-linux/7/../../../../include/c++/7/bits/stl_bvector.h:1085:19: error: no member named 'copy' in namespace 'Djinni::std'
      return std::copy(const_iterator(__last._M_p, 0), __last,
             ~~~~~^
/usr/bin/../lib/gcc/x86_64-redhat-linux/7/../../../../include/c++/7/bits/stl_bvector.h:1094:46: error: no member named '__addressof' in namespace 'Djinni::std'
      this->_M_impl._M_start = iterator(std::__addressof(*__q), 0);
                                        ~~~~~^
/usr/bin/../lib/gcc/x86_64-redhat-linux/7/../../../../include/c++/7/bits/stl_bvector.h:1124:13: error: no member named '__iterator_category' in namespace 'Djinni::std'
                            std::__iterator_category(__first)); }
                            ~~~~~^
/usr/bin/../lib/gcc/x86_64-redhat-linux/7/../../../../include/c++/7/bits/stl_bvector.h:1140:29: error: no member named 'distance' in namespace 'Djinni::std'
        const size_type __n = std::distance(__first, __last);
                              ~~~~~^
/usr/bin/../lib/gcc/x86_64-redhat-linux/7/../../../../include/c++/7/bits/stl_bvector.h:1142:7: error: no member named 'copy' in namespace 'Djinni::std'
        std::copy(__first, __last, this->_M_impl._M_start);
        ~~~~~^
/usr/bin/../lib/gcc/x86_64-redhat-linux/7/../../../../include/c++/7/bits/stl_bvector.h:1156:45: error: no member named '__iterator_category' in namespace 'Djinni::std'
      { _M_assign_aux(__first, __last, std::__iterator_category(__first)); }
                                       ~~~~~^
/usr/bin/../lib/gcc/x86_64-redhat-linux/7/../../../../include/c++/7/bits/stl_bvector.h:1194:31: error: no member named 'distance' in namespace 'Djinni::std'
        const size_type __len = std::distance(__first, __last);
                                ~~~~~^
/usr/bin/../lib/gcc/x86_64-redhat-linux/7/../../../../include/c++/7/bits/stl_bvector.h:1196:25: error: no member named 'copy' in namespace 'Djinni::std'
          _M_erase_at_end(std::copy(__first, __last, begin()));
                          ~~~~~^
/usr/bin/../lib/gcc/x86_64-redhat-linux/7/../../../../include/c++/7/bits/stl_bvector.h:1200:11: error: no member named 'advance' in namespace 'Djinni::std'
            std::advance(__mid, size());
            ~~~~~^
/usr/bin/../lib/gcc/x86_64-redhat-linux/7/../../../../include/c++/7/bits/stl_bvector.h:1201:11: error: no member named 'copy' in namespace 'Djinni::std'
            std::copy(__first, __mid, begin());
            ~~~~~^
/usr/bin/../lib/gcc/x86_64-redhat-linux/7/../../../../include/c++/7/bits/stl_bvector.h:1222:9: error: no member named '__iterator_category' in namespace 'Djinni::std'
                        std::__iterator_category(__first)); }
                        ~~~~~^
/usr/bin/../lib/gcc/x86_64-redhat-linux/7/../../../../include/c++/7/bits/stl_bvector.h:1251:2: error: use of undeclared identifier '__throw_length_error'
        __throw_length_error(__N(__s));
        ^
/usr/bin/../lib/gcc/x86_64-redhat-linux/7/../../../../include/c++/7/bits/stl_bvector.h:1253:45: error: no member named 'max' in namespace 'Djinni::std'
      const size_type __len = size() + std::max(size(), __n);
                                       ~~~~~^
/usr/bin/../lib/gcc/x86_64-redhat-linux/7/../../../../include/c++/7/bits/stl_bvector.h:1282:12: error: explicit specialization of non-template struct 'hash'
    struct hash<_GLIBCXX_STD_C::vector<bool, _Alloc>>
           ^   ~~~~~~~~~~~~~~~~~~~~~~~~~~~~~~~~~~~~~~
/usr/bin/../lib/gcc/x86_64-redhat-linux/7/../../../../include/c++/7/bits/stl_bvector.h:1283:14: error: unknown template name '__hash_base'
    : public __hash_base<size_t, _GLIBCXX_STD_C::vector<bool, _Alloc>>
             ^
In file included from src/screen.cpp:6:
In file included from include/screen.hpp:6:
In file included from include/file.hpp:4:
In file included from /usr/bin/../lib/gcc/x86_64-redhat-linux/7/../../../../include/c++/7/vector:69:
/usr/bin/../lib/gcc/x86_64-redhat-linux/7/../../../../include/c++/7/bits/vector.tcc:69:2: error: use of undeclared identifier '__throw_length_error'
        __throw_length_error(__N("vector::reserve"));
        ^
/usr/bin/../lib/gcc/x86_64-redhat-linux/7/../../../../include/c++/7/bits/vector.tcc:74:6: error: no member named '__make_move_if_noexcept_iterator' in namespace 'Djinni::std'
            _GLIBCXX_MAKE_MOVE_IF_NOEXCEPT_ITERATOR(this->_M_impl._M_start),
            ^~~~~~~~~~~~~~~~~~~~~~~~~~~~~~~~~~~~~~~~~~~~~~~~~~~~~~~~~~~~~~~
/usr/bin/../lib/gcc/x86_64-redhat-linux/7/../../../../include/c++/7/bits/stl_iterator.h:1250:8: note: expanded from macro '_GLIBCXX_MAKE_MOVE_IF_NOEXCEPT_ITERATOR'
  std::__make_move_if_noexcept_iterator(_Iter)
  ~~~~~^
In file included from src/screen.cpp:6:
In file included from include/screen.hpp:6:
In file included from include/file.hpp:4:
In file included from /usr/bin/../lib/gcc/x86_64-redhat-linux/7/../../../../include/c++/7/vector:69:
/usr/bin/../lib/gcc/x86_64-redhat-linux/7/../../../../include/c++/7/bits/vector.tcc:75:6: error: no member named '__make_move_if_noexcept_iterator' in namespace 'Djinni::std'
            _GLIBCXX_MAKE_MOVE_IF_NOEXCEPT_ITERATOR(this->_M_impl._M_finish));
            ^~~~~~~~~~~~~~~~~~~~~~~~~~~~~~~~~~~~~~~~~~~~~~~~~~~~~~~~~~~~~~~~
/usr/bin/../lib/gcc/x86_64-redhat-linux/7/../../../../include/c++/7/bits/stl_iterator.h:1250:8: note: expanded from macro '_GLIBCXX_MAKE_MOVE_IF_NOEXCEPT_ITERATOR'
  std::__make_move_if_noexcept_iterator(_Iter)
  ~~~~~^
In file included from src/screen.cpp:6:
In file included from include/screen.hpp:6:
In file included from include/file.hpp:4:
In file included from /usr/bin/../lib/gcc/x86_64-redhat-linux/7/../../../../include/c++/7/vector:69:
/usr/bin/../lib/gcc/x86_64-redhat-linux/7/../../../../include/c++/7/bits/vector.tcc:101:15: error: no member named 'forward' in namespace 'Djinni::std'
                                     std::forward<_Args>(__args)...);
                                     ~~~~~^
/usr/bin/../lib/gcc/x86_64-redhat-linux/7/../../../../include/c++/7/bits/vector.tcc:101:23: error: '_Args' does not refer to a value
                                     std::forward<_Args>(__args)...);
                                                  ^
/usr/bin/../lib/gcc/x86_64-redhat-linux/7/../../../../include/c++/7/bits/vector.tcc:89:26: note: declared here
    template<typename... _Args>
                         ^
/usr/bin/../lib/gcc/x86_64-redhat-linux/7/../../../../include/c++/7/bits/vector.tcc:105:34: error: no member named 'forward' in namespace 'Djinni::std'
          _M_realloc_insert(end(), std::forward<_Args>(__args)...);
                                   ~~~~~^
/usr/bin/../lib/gcc/x86_64-redhat-linux/7/../../../../include/c++/7/bits/vector.tcc:105:42: error: '_Args' does not refer to a value
          _M_realloc_insert(end(), std::forward<_Args>(__args)...);
                                                ^
/usr/bin/../lib/gcc/x86_64-redhat-linux/7/../../../../include/c++/7/bits/vector.tcc:89:26: note: declared here
    template<typename... _Args>
                         ^
/usr/bin/../lib/gcc/x86_64-redhat-linux/7/../../../../include/c++/7/bits/vector.tcc:136:32: error: no member named 'move' in namespace 'Djinni::std'
            _M_insert_aux(__pos, std::move(__x_copy._M_val()));
                                 ~~~~~^
/usr/bin/../lib/gcc/x86_64-redhat-linux/7/../../../../include/c++/7/bits/vector.tcc:157:2: error: no member named 'move' in namespace 'Djinni::std'
        _GLIBCXX_MOVE3(__position + 1, end(), __position);
        ^~~~~~~~~~~~~~~~~~~~~~~~~~~~~~~~~~~~~~~~~~~~~~~~~
/usr/bin/../lib/gcc/x86_64-redhat-linux/7/../../../../include/c++/7/bits/stl_algobase.h:491:44: note: expanded from macro '_GLIBCXX_MOVE3'
#define _GLIBCXX_MOVE3(_Tp, _Up, _Vp) std::move(_Tp, _Up, _Vp)
                                      ~~~~~^
In file included from src/screen.cpp:6:
In file included from include/screen.hpp:6:
In file included from include/file.hpp:4:
In file included from /usr/bin/../lib/gcc/x86_64-redhat-linux/7/../../../../include/c++/7/vector:69:
/usr/bin/../lib/gcc/x86_64-redhat-linux/7/../../../../include/c++/7/bits/vector.tcc:171:6: error: no member named 'move' in namespace 'Djinni::std'
            _GLIBCXX_MOVE3(__last, end(), __first);
            ^~~~~~~~~~~~~~~~~~~~~~~~~~~~~~~~~~~~~~
/usr/bin/../lib/gcc/x86_64-redhat-linux/7/../../../../include/c++/7/bits/stl_algobase.h:491:44: note: expanded from macro '_GLIBCXX_MOVE3'
#define _GLIBCXX_MOVE3(_Tp, _Up, _Vp) std::move(_Tp, _Up, _Vp)
                                      ~~~~~^
In file included from src/screen.cpp:6:
In file included from include/screen.hpp:6:
In file included from include/file.hpp:4:
In file included from /usr/bin/../lib/gcc/x86_64-redhat-linux/7/../../../../include/c++/7/vector:69:
/usr/bin/../lib/gcc/x86_64-redhat-linux/7/../../../../include/c++/7/bits/vector.tcc:199:13: error: no member named '__alloc_on_copy' in namespace 'Djinni::std'
              std::__alloc_on_copy(_M_get_Tp_allocator(),
              ~~~~~^
/usr/bin/../lib/gcc/x86_64-redhat-linux/7/../../../../include/c++/7/bits/vector.tcc:218:27: error: no member named 'copy' in namespace 'Djinni::std'
              std::_Destroy(std::copy(__x.begin(), __x.end(), begin()),
                            ~~~~~^
/usr/bin/../lib/gcc/x86_64-redhat-linux/7/../../../../include/c++/7/bits/vector.tcc:223:13: error: no member named 'copy' in namespace 'Djinni::std'
              std::copy(__x._M_impl._M_start, __x._M_impl._M_start + size(),
              ~~~~~^
/usr/bin/../lib/gcc/x86_64-redhat-linux/7/../../../../include/c++/7/bits/vector.tcc:254:30: error: no member named 'fill_n' in namespace 'Djinni::std'
        _M_erase_at_end(std::fill_n(this->_M_impl._M_start, __n, __val));
                        ~~~~~^
/usr/bin/../lib/gcc/x86_64-redhat-linux/7/../../../../include/c++/7/bits/vector.tcc:262:12: error: no type named 'input_iterator_tag' in namespace 'Djinni::std'
                    std::input_iterator_tag)
                    ~~~~~^
/usr/bin/../lib/gcc/x86_64-redhat-linux/7/../../../../include/c++/7/bits/vector.tcc:272:11: error: no member named '__iterator_category' in namespace 'Djinni::std'
                          std::__iterator_category(__first));
                          ~~~~~^
/usr/bin/../lib/gcc/x86_64-redhat-linux/7/../../../../include/c++/7/bits/vector.tcc:280:12: error: no type named 'forward_iterator_tag' in namespace 'Djinni::std'
                    std::forward_iterator_tag)
                    ~~~~~^
/usr/bin/../lib/gcc/x86_64-redhat-linux/7/../../../../include/c++/7/bits/vector.tcc:282:31: error: no member named 'distance' in namespace 'Djinni::std'
        const size_type __len = std::distance(__first, __last);
                                ~~~~~^
/usr/bin/../lib/gcc/x86_64-redhat-linux/7/../../../../include/c++/7/bits/vector.tcc:297:25: error: no member named 'copy' in namespace 'Djinni::std'
          _M_erase_at_end(std::copy(__first, __last, this->_M_impl._M_start));
                          ~~~~~^
/usr/bin/../lib/gcc/x86_64-redhat-linux/7/../../../../include/c++/7/bits/vector.tcc:301:11: error: no member named 'advance' in namespace 'Djinni::std'
            std::advance(__mid, size());
            ~~~~~^
/usr/bin/../lib/gcc/x86_64-redhat-linux/7/../../../../include/c++/7/bits/vector.tcc:302:11: error: no member named 'copy' in namespace 'Djinni::std'
            std::copy(__first, __mid, this->_M_impl._M_start);
            ~~~~~^
/usr/bin/../lib/gcc/x86_64-redhat-linux/7/../../../../include/c++/7/bits/vector.tcc:321:15: error: no member named 'move' in namespace 'Djinni::std'
                                     std::move(__v));
                                     ~~~~~^
/usr/bin/../lib/gcc/x86_64-redhat-linux/7/../../../../include/c++/7/bits/vector.tcc:325:38: error: no member named 'move' in namespace 'Djinni::std'
          _M_insert_aux(begin() + __n, std::move(__v));
                                       ~~~~~^
/usr/bin/../lib/gcc/x86_64-redhat-linux/7/../../../../include/c++/7/bits/vector.tcc:327:40: error: no member named 'move' in namespace 'Djinni::std'
        _M_realloc_insert(begin() + __n, std::move(__v));
                                         ~~~~~^
/usr/bin/../lib/gcc/x86_64-redhat-linux/7/../../../../include/c++/7/bits/vector.tcc:344:17: error: no member named 'forward' in namespace 'Djinni::std'
                                       std::forward<_Args>(__args)...);
                                       ~~~~~^
/usr/bin/../lib/gcc/x86_64-redhat-linux/7/../../../../include/c++/7/bits/vector.tcc:344:25: error: '_Args' does not refer to a value
                                       std::forward<_Args>(__args)...);
                                                    ^
/usr/bin/../lib/gcc/x86_64-redhat-linux/7/../../../../include/c++/7/bits/vector.tcc:333:26: note: declared here
    template<typename... _Args>
                         ^
/usr/bin/../lib/gcc/x86_64-redhat-linux/7/../../../../include/c++/7/bits/vector.tcc:352:42: error: no member named 'forward' in namespace 'Djinni::std'
              _Temporary_value __tmp(this, std::forward<_Args>(__args)...);
                                           ~~~~~^
/usr/bin/../lib/gcc/x86_64-redhat-linux/7/../../../../include/c++/7/bits/vector.tcc:352:50: error: '_Args' does not refer to a value
              _Temporary_value __tmp(this, std::forward<_Args>(__args)...);
                                                        ^
/usr/bin/../lib/gcc/x86_64-redhat-linux/7/../../../../include/c++/7/bits/vector.tcc:333:26: note: declared here
    template<typename... _Args>
                         ^
/usr/bin/../lib/gcc/x86_64-redhat-linux/7/../../../../include/c++/7/bits/vector.tcc:353:42: error: no member named 'move' in namespace 'Djinni::std'
              _M_insert_aux(begin() + __n, std::move(__tmp._M_val()));
                                           ~~~~~^
/usr/bin/../lib/gcc/x86_64-redhat-linux/7/../../../../include/c++/7/bits/vector.tcc:356:42: error: no member named 'forward' in namespace 'Djinni::std'
          _M_realloc_insert(begin() + __n, std::forward<_Args>(__args)...);
                                           ~~~~~^
/usr/bin/../lib/gcc/x86_64-redhat-linux/7/../../../../include/c++/7/bits/vector.tcc:356:50: error: '_Args' does not refer to a value
          _M_realloc_insert(begin() + __n, std::forward<_Args>(__args)...);
                                                        ^
/usr/bin/../lib/gcc/x86_64-redhat-linux/7/../../../../include/c++/7/bits/vector.tcc:333:26: note: declared here
    template<typename... _Args>
                         ^
/usr/bin/../lib/gcc/x86_64-redhat-linux/7/../../../../include/c++/7/bits/vector.tcc:374:11: error: no member named 'move' in namespace 'Djinni::std'
                               _GLIBCXX_MOVE(*(this->_M_impl._M_finish
                               ^~~~~~~~~~~~~~~~~~~~~~~~~~~~~~~~~~~~~~~
/usr/bin/../lib/gcc/x86_64-redhat-linux/7/../../../../include/c++/7/bits/move.h:159:35: note: expanded from macro '_GLIBCXX_MOVE'
#define _GLIBCXX_MOVE(__val) std::move(__val)
                             ~~~~~^
In file included from src/screen.cpp:6:
In file included from include/screen.hpp:6:
In file included from include/file.hpp:4:
In file included from /usr/bin/../lib/gcc/x86_64-redhat-linux/7/../../../../include/c++/7/vector:69:
/usr/bin/../lib/gcc/x86_64-redhat-linux/7/../../../../include/c++/7/bits/vector.tcc:380:7: error: no member named 'move_backward' in namespace 'Djinni::std'
      _GLIBCXX_MOVE_BACKWARD3(__position.base(),
      ^~~~~~~~~~~~~~~~~~~~~~~~~~~~~~~~~~~~~~~~~~
/usr/bin/../lib/gcc/x86_64-redhat-linux/7/../../../../include/c++/7/bits/stl_algobase.h:673:53: note: expanded from macro '_GLIBCXX_MOVE_BACKWARD3'
#define _GLIBCXX_MOVE_BACKWARD3(_Tp, _Up, _Vp) std::move_backward(_Tp, _Up, _Vp)
                                               ~~~~~^
In file included from src/screen.cpp:6:
In file included from include/screen.hpp:6:
In file included from include/file.hpp:4:
In file included from /usr/bin/../lib/gcc/x86_64-redhat-linux/7/../../../../include/c++/7/vector:69:
/usr/bin/../lib/gcc/x86_64-redhat-linux/7/../../../../include/c++/7/bits/vector.tcc:386:26: error: no member named 'forward' in namespace 'Djinni::std'
      *__position = std::forward<_Arg>(__arg);
                    ~~~~~^
/usr/bin/../lib/gcc/x86_64-redhat-linux/7/../../../../include/c++/7/bits/vector.tcc:386:34: error: '_Arg' does not refer to a value
      *__position = std::forward<_Arg>(__arg);
                                 ^
/usr/bin/../lib/gcc/x86_64-redhat-linux/7/../../../../include/c++/7/bits/vector.tcc:362:23: note: declared here
    template<typename _Arg>
                      ^
/usr/bin/../lib/gcc/x86_64-redhat-linux/7/../../../../include/c++/7/bits/vector.tcc:418:13: error: no member named 'forward' in namespace 'Djinni::std'
                                   std::forward<_Args>(__args)...);
                                   ~~~~~^
/usr/bin/../lib/gcc/x86_64-redhat-linux/7/../../../../include/c++/7/bits/vector.tcc:418:21: error: '_Args' does not refer to a value
                                   std::forward<_Args>(__args)...);
                                                ^
/usr/bin/../lib/gcc/x86_64-redhat-linux/7/../../../../include/c++/7/bits/vector.tcc:392:26: note: declared here
    template<typename... _Args>
                         ^
/usr/bin/../lib/gcc/x86_64-redhat-linux/7/../../../../include/c++/7/bits/vector.tcc:481:5: error: no member named 'move_backward' in namespace 'Djinni::std'
                  _GLIBCXX_MOVE_BACKWARD3(__position.base(),
                  ^~~~~~~~~~~~~~~~~~~~~~~~~~~~~~~~~~~~~~~~~~
/usr/bin/../lib/gcc/x86_64-redhat-linux/7/../../../../include/c++/7/bits/stl_algobase.h:673:53: note: expanded from macro '_GLIBCXX_MOVE_BACKWARD3'
#define _GLIBCXX_MOVE_BACKWARD3(_Tp, _Up, _Vp) std::move_backward(_Tp, _Up, _Vp)
                                               ~~~~~^
In file included from src/screen.cpp:6:
In file included from include/screen.hpp:6:
In file included from include/file.hpp:4:
In file included from /usr/bin/../lib/gcc/x86_64-redhat-linux/7/../../../../include/c++/7/vector:69:
/usr/bin/../lib/gcc/x86_64-redhat-linux/7/../../../../include/c++/7/bits/vector.tcc:609:19: error: no member named '__shrink_to_fit_aux' in namespace 'Djinni::std'
      return std::__shrink_to_fit_aux<vector>::_S_do_it(*this);
             ~~~~~^
/usr/bin/../lib/gcc/x86_64-redhat-linux/7/../../../../include/c++/7/bits/vector.tcc:609:39: error: 'vector' does not refer to a value
      return std::__shrink_to_fit_aux<vector>::_S_do_it(*this);
                                      ^
/usr/bin/../lib/gcc/x86_64-redhat-linux/7/../../../../include/c++/7/bits/stl_vector.h:216:11: note: declared here
    class vector : protected _Vector_base<_Tp, _Alloc>
          ^
In file included from src/screen.cpp:6:
In file included from include/screen.hpp:6:
In file included from include/file.hpp:4:
In file included from /usr/bin/../lib/gcc/x86_64-redhat-linux/7/../../../../include/c++/7/vector:69:
/usr/bin/../lib/gcc/x86_64-redhat-linux/7/../../../../include/c++/7/bits/vector.tcc:609:48: error: no member named '_S_do_it' in the global namespace
      return std::__shrink_to_fit_aux<vector>::_S_do_it(*this);
                                             ~~^
/usr/bin/../lib/gcc/x86_64-redhat-linux/7/../../../../include/c++/7/bits/vector.tcc:618:37: error: no type named 'input_iterator_tag' in namespace 'Djinni::std'
                      _InputIterator __last, std::input_iterator_tag)
                                             ~~~~~^
/usr/bin/../lib/gcc/x86_64-redhat-linux/7/../../../../include/c++/7/bits/vector.tcc:632:39: error: no type named 'forward_iterator_tag' in namespace 'Djinni::std'
                      _ForwardIterator __last, std::forward_iterator_tag)
                                               ~~~~~^
/usr/bin/../lib/gcc/x86_64-redhat-linux/7/../../../../include/c++/7/bits/vector.tcc:636:33: error: no member named 'distance' in namespace 'Djinni::std'
            const size_type __n = std::distance(__first, __last);
                                  ~~~~~^
/usr/bin/../lib/gcc/x86_64-redhat-linux/7/../../../../include/c++/7/bits/vector.tcc:649:7: error: no member named 'move_backward' in namespace 'Djinni::std'
                    _GLIBCXX_MOVE_BACKWARD3(__position.base(),
                    ^~~~~~~~~~~~~~~~~~~~~~~~~~~~~~~~~~~~~~~~~~
/usr/bin/../lib/gcc/x86_64-redhat-linux/7/../../../../include/c++/7/bits/stl_algobase.h:673:53: note: expanded from macro '_GLIBCXX_MOVE_BACKWARD3'
#define _GLIBCXX_MOVE_BACKWARD3(_Tp, _Up, _Vp) std::move_backward(_Tp, _Up, _Vp)
                                               ~~~~~^
In file included from src/screen.cpp:6:
In file included from include/screen.hpp:6:
In file included from include/file.hpp:4:
In file included from /usr/bin/../lib/gcc/x86_64-redhat-linux/7/../../../../include/c++/7/vector:69:
/usr/bin/../lib/gcc/x86_64-redhat-linux/7/../../../../include/c++/7/bits/vector.tcc:651:12: error: no member named 'copy' in namespace 'Djinni::std'
                    std::copy(__first, __last, __position);
                    ~~~~~^
/usr/bin/../lib/gcc/x86_64-redhat-linux/7/../../../../include/c++/7/bits/vector.tcc:656:12: error: no member named 'advance' in namespace 'Djinni::std'
                    std::advance(__mid, __elems_after);
                    ~~~~~^
/usr/bin/../lib/gcc/x86_64-redhat-linux/7/../../../../include/c++/7/bits/vector.tcc:666:12: error: no member named 'copy' in namespace 'Djinni::std'
                    std::copy(__first, __mid, __position);
                    ~~~~~^
/usr/bin/../lib/gcc/x86_64-redhat-linux/7/../../../../include/c++/7/bits/vector.tcc:717:29: error: no member named '__addressof' in namespace 'Djinni::std'
      iterator __start(std::__addressof(*__q), 0);
                       ~~~~~^
/usr/bin/../lib/gcc/x86_64-redhat-linux/7/../../../../include/c++/7/bits/vector.tcc:734:9: error: no member named 'copy_backward' in namespace 'Djinni::std'
          std::copy_backward(__position, end(),
          ~~~~~^
/usr/bin/../lib/gcc/x86_64-redhat-linux/7/../../../../include/c++/7/bits/vector.tcc:744:26: error: no member named '__addressof' in namespace 'Djinni::std'
          iterator __start(std::__addressof(*__q), 0);
                           ~~~~~^
/usr/bin/../lib/gcc/x86_64-redhat-linux/7/../../../../include/c++/7/bits/vector.tcc:747:29: error: no member named 'copy' in namespace 'Djinni::std'
          iterator __finish = std::copy(__position, end(),
                              ~~~~~^
/usr/bin/../lib/gcc/x86_64-redhat-linux/7/../../../../include/c++/7/bits/vector.tcc:761:39: error: no type named 'forward_iterator_tag' in namespace 'Djinni::std'
                      _ForwardIterator __last, std::forward_iterator_tag)
                                               ~~~~~^
/usr/bin/../lib/gcc/x86_64-redhat-linux/7/../../../../include/c++/7/bits/vector.tcc:765:27: error: no member named 'distance' in namespace 'Djinni::std'
            size_type __n = std::distance(__first, __last);
                            ~~~~~^
/usr/bin/../lib/gcc/x86_64-redhat-linux/7/../../../../include/c++/7/bits/vector.tcc:768:8: error: no member named 'copy_backward' in namespace 'Djinni::std'
                std::copy_backward(__position, end(),
                ~~~~~^
/usr/bin/../lib/gcc/x86_64-redhat-linux/7/../../../../include/c++/7/bits/vector.tcc:771:8: error: no member named 'copy' in namespace 'Djinni::std'
                std::copy(__first, __last, __position);
                ~~~~~^
/usr/bin/../lib/gcc/x86_64-redhat-linux/7/../../../../include/c++/7/bits/vector.tcc:779:25: error: no member named '__addressof' in namespace 'Djinni::std'
                iterator __start(std::__addressof(*__q), 0);
                                 ~~~~~^
/usr/bin/../lib/gcc/x86_64-redhat-linux/7/../../../../include/c++/7/bits/vector.tcc:781:14: error: no member named 'copy' in namespace 'Djinni::std'
                __i = std::copy(__first, __last, __i);
                      ~~~~~^
/usr/bin/../lib/gcc/x86_64-redhat-linux/7/../../../../include/c++/7/bits/vector.tcc:782:28: error: no member named 'copy' in namespace 'Djinni::std'
                iterator __finish = std::copy(__position, end(), __i);
                                    ~~~~~^
/usr/bin/../lib/gcc/x86_64-redhat-linux/7/../../../../include/c++/7/bits/vector.tcc:798:9: error: no member named 'copy_backward' in namespace 'Djinni::std'
          std::copy_backward(__position, this->_M_impl._M_finish, 
          ~~~~~^
/usr/bin/../lib/gcc/x86_64-redhat-linux/7/../../../../include/c++/7/bits/vector.tcc:808:26: error: no member named '__addressof' in namespace 'Djinni::std'
          iterator __start(std::__addressof(*__q), 0);
                           ~~~~~^
/usr/bin/../lib/gcc/x86_64-redhat-linux/7/../../../../include/c++/7/bits/vector.tcc:811:29: error: no member named 'copy' in namespace 'Djinni::std'
          iterator __finish = std::copy(__position, end(), __i);
                              ~~~~~^
/usr/bin/../lib/gcc/x86_64-redhat-linux/7/../../../../include/c++/7/bits/vector.tcc:825:14: error: no member named 'copy' in namespace 'Djinni::std'
        std::copy(__position + 1, end(), __position);
        ~~~~~^
/usr/bin/../lib/gcc/x86_64-redhat-linux/7/../../../../include/c++/7/bits/vector.tcc:836:23: error: no member named 'copy' in namespace 'Djinni::std'
        _M_erase_at_end(std::copy(__last, end(), __first));
                        ~~~~~^
/usr/bin/../lib/gcc/x86_64-redhat-linux/7/../../../../include/c++/7/bits/vector.tcc:870:5: error: nested name specifier 'hash<std::vector<bool, _Alloc> >::' for declaration does not refer into a class, class template or class template partial specialization
    operator()(const _GLIBCXX_STD_C::vector<bool, _Alloc>& __b) const noexcept
    ^
/usr/bin/../lib/gcc/x86_64-redhat-linux/7/../../../../include/c++/7/bits/vector.tcc:876:30: error: use of undeclared identifier '__b'
      const size_t __words = __b.size() / _S_word_bit;
                             ^
/usr/bin/../lib/gcc/x86_64-redhat-linux/7/../../../../include/c++/7/bits/vector.tcc:880:18: error: no member named '_Hash_impl' in namespace 'Djinni::std'
          __hash = std::_Hash_impl::hash(__b._M_impl._M_start._M_p, __clength);
                   ~~~~~^
/usr/bin/../lib/gcc/x86_64-redhat-linux/7/../../../../include/c++/7/bits/vector.tcc:880:35: error: use of undeclared identifier '__b'
          __hash = std::_Hash_impl::hash(__b._M_impl._M_start._M_p, __clength);
                                         ^
/usr/bin/../lib/gcc/x86_64-redhat-linux/7/../../../../include/c++/7/bits/vector.tcc:883:34: error: use of undeclared identifier '__b'
      const size_t __extrabits = __b.size() % _S_word_bit;
                                 ^
/usr/bin/../lib/gcc/x86_64-redhat-linux/7/../../../../include/c++/7/bits/vector.tcc:886:26: error: use of undeclared identifier '__b'
          _Bit_type __hiword = *__b._M_impl._M_finish._M_p;
                                ^
/usr/bin/../lib/gcc/x86_64-redhat-linux/7/../../../../include/c++/7/bits/vector.tcc:889:17: error: redefinition of '__clength'
          const size_t __clength
                       ^
/usr/bin/../lib/gcc/x86_64-redhat-linux/7/../../../../include/c++/7/bits/vector.tcc:879:17: note: previous definition is here
          const size_t __clength = __words * sizeof(_Bit_type);
                       ^
/usr/bin/../lib/gcc/x86_64-redhat-linux/7/../../../../include/c++/7/bits/vector.tcc:892:20: error: no member named '_Hash_impl' in namespace 'Djinni::std'
            __hash = std::_Hash_impl::hash(&__hiword, __clength, __hash);
                     ~~~~~^
/usr/bin/../lib/gcc/x86_64-redhat-linux/7/../../../../include/c++/7/bits/vector.tcc:894:20: error: no member named '_Hash_impl' in namespace 'Djinni::std'
            __hash = std::_Hash_impl::hash(&__hiword, __clength);
                     ~~~~~^
In file included from src/screen.cpp:6:
In file included from include/screen.hpp:6:
include/file.hpp:11:22: error: no member named 'string' in namespace 'Djinni::std'
    std::vector<std::string> line_buffer;
                ~~~~~^
include/file.hpp:14:10: error: no type named 'string' in namespace 'Djinni::std'
    std::string get_filename();
    ~~~~~^
include/file.hpp:15:28: error: no type named 'string' in namespace 'Djinni::std'
    void set_filename(std::string filename);
                      ~~~~~^
include/file.hpp:17:25: error: no type named 'string' in namespace 'Djinni::std'
    void load_file(std::string filename);
                   ~~~~~^
include/file.hpp:18:25: error: no type named 'string' in namespace 'Djinni::std'
    void save_file(std::string fielname);
                   ~~~~~^
include/file.hpp:21:10: error: no type named 'string' in namespace 'Djinni::std'
    std::string filename;
    ~~~~~^
src/screen.cpp:52:42: error: 'Commandline' is not a class, namespace, or enumeration
    mvprintw(MAX_Y - 2, 0, "%s", Djinni::Commandline::echo.c_str());
                                         ^
include/cmdline.hpp:6:11: note: 'Commandline' declared here
namespace Commandline {
          ^
src/screen.cpp:76:17: error: 'Commandline' is not a class, namespace, or enumeration
        Djinni::Commandline::init_commandline();
                ^
include/cmdline.hpp:6:11: note: 'Commandline' declared here
namespace Commandline {
          ^
297 errors generated.
make: *** [Makefile:16: build] Error 1
